ncverilog(64): 15.20-s024: (c) Copyright 1995-2017 Cadence Design Systems, Inc.
TOOL:	ncverilog	15.20-s024: Started on Mar 13, 2023 at 19:20:38 CST
ncverilog
	+ncaccess+rc
	+nowarn+NONPRT
	-disable_sem2009
	-sv
	+ncnowarn+CUVWSP
	+ncnowarn+CSINFI
	+ncnowarn+MRSTAR
	-timescale
	1ns/10ps
	-nohistory
	-f /mnt/app1/ray/project/can1127/cmd/rtl.f
		-v
		/mnt/app1/ray/project/can1127/rtl/softmacro.v
		/mnt/app1/ray/project/can1127/rtl/phycrc.v
		/mnt/app1/ray/project/can1127/rtl/phyff.v
		/mnt/app1/ray/project/can1127/rtl/phyidd.v
		/mnt/app1/ray/project/can1127/rtl/phyrx.v
		/mnt/app1/ray/project/can1127/rtl/phytx.v
		/mnt/app1/ray/project/can1127/rtl/prltmr.v
		/mnt/app1/ray/project/can1127/rtl/updprl.v
		/mnt/app1/ray/project/can1127/rtl/updphy.v
		-f /mnt/app1/ray/project/can1127/cmd/mcu.f
			+incdir+/mnt/app1/ray/project/can1127/rtl/mcu/
			/mnt/app1/ray/project/can1127/rtl/mcu/extint.v
			/mnt/app1/ray/project/can1127/rtl/mcu/i2c.v
			/mnt/app1/ray/project/can1127/rtl/mcu/isr.v
			/mnt/app1/ray/project/can1127/rtl/mcu/mdu.v
			/mnt/app1/ray/project/can1127/rtl/mcu/pmurstctrl.v
			/mnt/app1/ray/project/can1127/rtl/mcu/ports.v
			/mnt/app1/ray/project/can1127/rtl/mcu/mcu51_cpu.v
			/mnt/app1/ray/project/can1127/rtl/mcu/serial0.v
			/mnt/app1/ray/project/can1127/rtl/mcu/softrstctrl.v
			/mnt/app1/ray/project/can1127/rtl/mcu/syncneg.v
			/mnt/app1/ray/project/can1127/rtl/mcu/timer0.v
			/mnt/app1/ray/project/can1127/rtl/mcu/timer1.v
			/mnt/app1/ray/project/can1127/rtl/mcu/wakeupctrl.v
			/mnt/app1/ray/project/can1127/rtl/mcu/watchdog.v
			/mnt/app1/ray/project/can1127/rtl/mcu/mcu51.v
			/mnt/app1/ray/project/can1127/rtl/mcu/sfrmux.v
		/mnt/app1/ray/project/can1127/rtl/i2cslv.v
		/mnt/app1/ray/project/can1127/rtl/dpdmacc.v
		/mnt/app1/ray/project/can1127/rtl/fcp.v
		/mnt/app1/ray/project/can1127/rtl/fcpegn.v
		/mnt/app1/ray/project/can1127/rtl/fcpcrc.v
		/mnt/app1/ray/project/can1127/rtl/dacmux.v
		/mnt/app1/ray/project/can1127/rtl/mpb.v
		/mnt/app1/ray/project/can1127/rtl/regbank.v
		/mnt/app1/ray/project/can1127/rtl/regx.v
		/mnt/app1/ray/project/can1127/rtl/ictlr.v
		/mnt/app1/ray/project/can1127/rtl/srambist.v
		/mnt/app1/ray/project/can1127/rtl/divclk.v
		/mnt/app1/ray/project/can1127/rtl/cvctl.v
		+incdir+/mnt/app1/ray/project/can1127/rtl/
		/mnt/app1/ray/project/can1127/rtl/core_a0.v
		/mnt/app1/ray/project/can1127/rtl/chiptop_1127a0.v
	-f /mnt/app1/ray/project/can1127/cmd/macro.f
		-v
		/mnt/app1/ray/project/can1127/macro/std.v
		/mnt/app1/ray/project/can1127/macro/anatop_1127a0.v
		/mnt/app1/ray/project/can1127/macro/bhv_cc_rcver.v
		/mnt/app1/ray/project/can1127/macro/bhv_compm_mux.v
		-v
		/mnt/app1/ray/project/can1127/macro/io_udp.v
		-v
		/mnt/app1/ray/project/can1127/macro/io.v
		+incdir+/mnt/app1/ray/project/can1127/macro/
		-v
		/mnt/app1/ray/project/can1127/macro/ATO0008KX8MX180LBX4DA.v
		-v
		/mnt/app1/ray/project/can1127/macro/sram/MSL18B_1536X8_RW10TM4_16_20210603_SS.v
		-v
		/mnt/app1/ray/project/can1127/fpga/softmacro.v
		-v
		/mnt/app1/ray/project/can1127/fpga/ATO0008KX8VI150BG33NA_FPGA.v
	-f /mnt/app1/ray/project/can1127/cmd/bench.f
		+define+BENCH=bench
		+incdir+../stm/
		+incdir+../bench/
		../bench/bench_0.v
		../bench/rc_network.v
		../bench/usb_port.v
		../bench/bhv_updphy.sv
		../bench/bhv_usbpd_controller.sv
		../bench/usbpd_analyzer.sv
		../bench/m51_synthe.v
		../bench/probe.v
		+incdir+../stm+../bench/mpsse/
		../bench/mpsse/mpsse_mst_i2c.v
		../bench/uart_bhv.v
	+define+CAN1127A0
	../bench/can1127.v
	+define+RTL
	../stm/stm_bkpt.v
	-l
	stm_bkpt+RTL.log
Recompiling... reason: file '../macro/anatop_1127a0.v' is newer than expected.
	expected: Mon Mar 13 19:19:16 2023
	actual:   Mon Mar 13 19:20:35 2023
file: /mnt/app1/ray/project/can1127/macro/anatop_1127a0.v
	module worklib.anatop_1127a0:v
		errors: 0, warnings: 0
file: /mnt/app1/ray/project/can1127/macro/io_udp.v
ncvlog: *W,LIBNOU: Library "/mnt/app1/ray/project/can1127/fpga/softmacro.v" given but not used.
ncvlog: *W,LIBNOU: Library "/mnt/app1/ray/project/can1127/fpga/ATO0008KX8VI150BG33NA_FPGA.v" given but not used.
ncvlog: *W,SPDUSD: Include directory ../stm given but not used.
	Total errors/warnings found outside modules and primitives:
		errors: 0, warnings: 3
		Caching library 'io' ....... Done
		Caching library 'io_udp' ....... Done
		Caching library 'ATO0008KX8MX180LBX4DA' ....... Done
		Caching library 'MSL18B_1536X8_RW10TM4_16_20210603_SS' ....... Done
		Caching library 'worklib' ....... Done
		Caching library 'rtl' ....... Done
		Caching library 'std_1' ....... Done
	Elaborating the design hierarchy:
	Building instance overlay tables: .................... Done
	Generating native compiled code:
		worklib.CC1:v <0x0ece704c>
			streams:  17, words: 35897
		worklib.CC2:v <0x3681cb9e>
			streams:  17, words: 35897
		worklib.DN:v <0x522c10fc>
			streams:  17, words: 35897
		worklib.DP:v <0x3dd0ecee>
			streams:  17, words: 35897
		worklib.SinkTxNG:v <0x4fa92a64>
			streams:  17, words: 33154
		worklib.SinkTxOk:v <0x34f18f26>
			streams:  17, words: 33154
		worklib.VBUS:v <0x2d3644f2>
			streams:  17, words: 35897
		worklib.VCONN:v <0x45498f3e>
			streams:  17, words: 37647
		worklib.VIN:v <0x3896db39>
			streams:  17, words: 35897
		worklib.anatop_1127a0:v <0x1bd4b8ed>
			streams:  57, words: 34270
		worklib.bench:v <0x0027d088>
			streams:  67, words: 34387
		worklib.hardware_rev:v <0x06a4e8e5>
			streams: 1254, words: 207085
		worklib.stm_bkpt:v <0x41285083>
			streams:  32, words: 67335
		worklib.usb_connector:v <0x73497b88>
			streams:  31, words: 21626
		worklib.usb_dd_composer:v <0x7295b3b7>
			streams:   9, words: 11080
		worklib.usb_port:v <0x5acf2e53>
			streams:   1, words:   284
	Building instance specific data structures.
	Loading native compiled code:     .................... Done
	Design hierarchy summary:
		                      Instances  Unique
		Modules:                    315      92
		UDPs:                         7       1
		Primitives:                 202      11
		Timing outputs:              78      30
		Registers:                 1794    1394
		Scalar wires:              1537       -
		Expanded wires:            1085     101
		Vectored wires:            2166       -
		Named events:                29      22
		Always blocks:             1152     695
		Initial blocks:             138     120
		Parallel blocks:             74      61
		Cont. assignments:         2300    3046
		Pseudo assignments:          50      49
		Timing checks:              766     108
		Delayed tcheck signals:      21      14
		Compilation units:            1       1
		SV Class declarations:        2       2
		SV Class specializations:     2       2
		Simulation timescale:       1ps
	Writing initial simulation snapshot: worklib.bench:v
Loading snapshot worklib.bench:v .................... Done
*Verdi3* Loading libsscore_ius141.so
*Verdi3* : Enable Parallel Dumping.
ncsim> source /mnt/tools/eda_tool/INCISIV15/tools/inca/files/ncsimrc
ncsim> run
FSDB Dumper for IUS, Release Verdi3_J-2014.12-SP2, Linux x86_64/64bit, 05/07/2015
(C) 1996 - 2015 by Synopsys, Inc.
***********************************************************************
*  WARNING -                                                          *
*  The simulator version is newer than the FSDB dumper version which  *
*  may cause abnormal behavior, please contact Synopsys support for   *
*  assistance.                                                        *
***********************************************************************
*Verdi3* FSDB WARNING: The FSDB file already exists. Overwriting the FSDB file may crash the programs that are using this file.
*Verdi3* : Create FSDB file 'bench_0.fsdb'
*Verdi3* : Begin traversing the scopes, layer (0).
*Verdi3* : End of traversing.
*Verdi3* : Begin traversing the scopes, layer (0).
*Verdi3* : End of traversing.
                   0ns <stm_bkpt.timeout_task> simulation timeout timer: 50000
                   0ns <bench.U0_DUT.U0_ANALOG_TOP> power enable -> 0
                   0ns <bench.U0_USB_PORT.USBCONN> DUT updates orientation -> 0
                   0ns <bench.U0_DUT.U0_ANALOG_TOP> cable orientation -> 0
                   0ns <bench.U0_DUT.U0_ANALOG_TOP> VO (VBUS) discharge -> 0
*Verdi3* : Begin traversing the scope (stm_bkpt), layer (0).
*Verdi3* : End of traversing.
                 100ns <hardware_rev.load_dut_fw> NOTE: 2-byte hex file
                 100ns <hardware_rev.load_dut_fw> NOTE: load firmware ../fw/gpio/gpio.2.memh (revid:31)
30047000 MSL18B_1536X8_RW10TM4_16 @ bench.U0_DUT.U0_SRAM.Unknown, pin CSB is unknown
30131000 MSL18B_1536X8_RW10TM4_16 @ bench.U0_DUT.U0_SRAM.Unknown, pin CSB is unknown
30214000 MSL18B_1536X8_RW10TM4_16 @ bench.U0_DUT.U0_SRAM.Unknown, pin CSB is unknown
               30297ns <stm_bkpt.fw_ending> NOTE: DUT P0-report: 00
30297000 MSL18B_1536X8_RW10TM4_16 @ bench.U0_DUT.U0_SRAM.Unknown, pin CSB is unknown
               50000ns <stm_bkpt> starts.....
               50000ns <bench.U0_I2CMST.init> SSE master initialized, mode: SMB(2)
Read dummy cycle.

Read dummy cycle.

              181168ns <stm_bkpt.fw_ending> NOTE: DUT P0-report: 01
              181751ns <stm_bkpt.fw_ending> NOTE: DUT P0-report: 02
              182335ns <stm_bkpt.fw_ending> NOTE: DUT P0-report: 03
              182919ns <stm_bkpt.fw_ending> NOTE: DUT P0-report: 04
              183503ns <stm_bkpt.fw_ending> NOTE: DUT P0-report: 05
              184087ns <stm_bkpt.fw_ending> NOTE: DUT P0-report: 06
              184670ns <stm_bkpt.fw_ending> NOTE: DUT P0-report: 07
              185254ns <stm_bkpt.fw_ending> NOTE: DUT P0-report: 08
              185838ns <stm_bkpt.fw_ending> NOTE: DUT P0-report: 09
              186422ns <stm_bkpt.fw_ending> NOTE: DUT P0-report: 0a
              187006ns <stm_bkpt.fw_ending> NOTE: DUT P0-report: 0b
              187589ns <stm_bkpt.fw_ending> NOTE: DUT P0-report: 0c
              188173ns <stm_bkpt.fw_ending> NOTE: DUT P0-report: 0d
              188757ns <stm_bkpt.fw_ending> NOTE: DUT P0-report: 0e
              189341ns <stm_bkpt.fw_ending> NOTE: DUT P0-report: 0f
              189925ns <stm_bkpt.fw_ending> NOTE: DUT P0-report: 10
              190508ns <stm_bkpt.fw_ending> NOTE: DUT P0-report: 11
              191092ns <stm_bkpt.fw_ending> NOTE: DUT P0-report: 12
              191676ns <stm_bkpt.fw_ending> NOTE: DUT P0-report: 13
              192260ns <stm_bkpt.fw_ending> NOTE: DUT P0-report: 14
              192844ns <stm_bkpt.fw_ending> NOTE: DUT P0-report: 15
              193427ns <stm_bkpt.fw_ending> NOTE: DUT P0-report: 16
              194011ns <stm_bkpt.fw_ending> NOTE: DUT P0-report: 17
              194595ns <stm_bkpt.fw_ending> NOTE: DUT P0-report: 18
              195179ns <stm_bkpt.fw_ending> NOTE: DUT P0-report: 19
              195763ns <stm_bkpt.fw_ending> NOTE: DUT P0-report: 1a
              196346ns <stm_bkpt.fw_ending> NOTE: DUT P0-report: 1b
              196930ns <stm_bkpt.fw_ending> NOTE: DUT P0-report: 1c
              197514ns <stm_bkpt.fw_ending> NOTE: DUT P0-report: 1d
              198098ns <stm_bkpt.fw_ending> NOTE: DUT P0-report: 1e
              198682ns <stm_bkpt.fw_ending> NOTE: DUT P0-report: 1f
              199265ns <stm_bkpt.fw_ending> NOTE: DUT P0-report: 20
              199849ns <stm_bkpt.fw_ending> NOTE: DUT P0-report: 21
              200433ns <stm_bkpt.fw_ending> NOTE: DUT P0-report: 22
              201017ns <stm_bkpt.fw_ending> NOTE: DUT P0-report: 23
              201601ns <stm_bkpt.fw_ending> NOTE: DUT P0-report: 24
              202184ns <stm_bkpt.fw_ending> NOTE: DUT P0-report: 25
              202768ns <stm_bkpt.fw_ending> NOTE: DUT P0-report: 26
              203352ns <stm_bkpt.fw_ending> NOTE: DUT P0-report: 27
              203936ns <stm_bkpt.fw_ending> NOTE: DUT P0-report: 28
              204520ns <stm_bkpt.fw_ending> NOTE: DUT P0-report: 29
              205103ns <stm_bkpt.fw_ending> NOTE: DUT P0-report: 2a
              205687ns <stm_bkpt.fw_ending> NOTE: DUT P0-report: 2b
              206271ns <stm_bkpt.fw_ending> NOTE: DUT P0-report: 2c
              206855ns <stm_bkpt.fw_ending> NOTE: DUT P0-report: 2d
              207439ns <stm_bkpt.fw_ending> NOTE: DUT P0-report: 2e
              208022ns <stm_bkpt.fw_ending> NOTE: DUT P0-report: 2f
              208606ns <stm_bkpt.fw_ending> NOTE: DUT P0-report: 30
              209190ns <stm_bkpt.fw_ending> NOTE: DUT P0-report: 31
              209774ns <stm_bkpt.fw_ending> NOTE: DUT P0-report: 32
              210358ns <stm_bkpt.fw_ending> NOTE: DUT P0-report: 33
              210941ns <stm_bkpt.fw_ending> NOTE: DUT P0-report: 34
              211525ns <stm_bkpt.fw_ending> NOTE: DUT P0-report: 35
              212109ns <stm_bkpt.fw_ending> NOTE: DUT P0-report: 36
              212693ns <stm_bkpt.fw_ending> NOTE: DUT P0-report: 37
              213277ns <stm_bkpt.fw_ending> NOTE: DUT P0-report: 38
              213860ns <stm_bkpt.fw_ending> NOTE: DUT P0-report: 39
              214444ns <stm_bkpt.fw_ending> NOTE: DUT P0-report: 3a
              215028ns <stm_bkpt.fw_ending> NOTE: DUT P0-report: 3b
              215612ns <stm_bkpt.fw_ending> NOTE: DUT P0-report: 3c
              216196ns <stm_bkpt.fw_ending> NOTE: DUT P0-report: 3d
              216779ns <stm_bkpt.fw_ending> NOTE: DUT P0-report: 3e
              217363ns <stm_bkpt.fw_ending> NOTE: DUT P0-report: 3f
              217947ns <stm_bkpt.fw_ending> NOTE: DUT P0-report: 40
              218531ns <stm_bkpt.fw_ending> NOTE: DUT P0-report: 41
              219115ns <stm_bkpt.fw_ending> NOTE: DUT P0-report: 42
              219698ns <stm_bkpt.fw_ending> NOTE: DUT P0-report: 43
              220282ns <stm_bkpt.fw_ending> NOTE: DUT P0-report: 44
              220866ns <stm_bkpt.fw_ending> NOTE: DUT P0-report: 45
              221450ns <stm_bkpt.fw_ending> NOTE: DUT P0-report: 46
              222034ns <stm_bkpt.fw_ending> NOTE: DUT P0-report: 47
              222617ns <stm_bkpt.fw_ending> NOTE: DUT P0-report: 48
              223201ns <stm_bkpt.fw_ending> NOTE: DUT P0-report: 49
              223785ns <stm_bkpt.fw_ending> NOTE: DUT P0-report: 4a
              224369ns <stm_bkpt.fw_ending> NOTE: DUT P0-report: 4b
              224953ns <stm_bkpt.fw_ending> NOTE: DUT P0-report: 4c
              225536ns <stm_bkpt.fw_ending> NOTE: DUT P0-report: 4d
              226120ns <stm_bkpt.fw_ending> NOTE: DUT P0-report: 4e
              226704ns <stm_bkpt.fw_ending> NOTE: DUT P0-report: 4f
              227288ns <stm_bkpt.fw_ending> NOTE: DUT P0-report: 50
              227872ns <stm_bkpt.fw_ending> NOTE: DUT P0-report: 51
              228455ns <stm_bkpt.fw_ending> NOTE: DUT P0-report: 52
              229039ns <stm_bkpt.fw_ending> NOTE: DUT P0-report: 53
              229623ns <stm_bkpt.fw_ending> NOTE: DUT P0-report: 54
              230207ns <stm_bkpt.fw_ending> NOTE: DUT P0-report: 55
              230791ns <stm_bkpt.fw_ending> NOTE: DUT P0-report: 56
              231374ns <stm_bkpt.fw_ending> NOTE: DUT P0-report: 57
              231958ns <stm_bkpt.fw_ending> NOTE: DUT P0-report: 58
              232542ns <stm_bkpt.fw_ending> NOTE: DUT P0-report: 59
              233126ns <stm_bkpt.fw_ending> NOTE: DUT P0-report: 5a
              233710ns <stm_bkpt.fw_ending> NOTE: DUT P0-report: 5b
              234293ns <stm_bkpt.fw_ending> NOTE: DUT P0-report: 5c
              234877ns <stm_bkpt.fw_ending> NOTE: DUT P0-report: 5d
              235461ns <stm_bkpt.fw_ending> NOTE: DUT P0-report: 5e
              236045ns <stm_bkpt.fw_ending> NOTE: DUT P0-report: 5f
              236629ns <stm_bkpt.fw_ending> NOTE: DUT P0-report: 60
              237212ns <stm_bkpt.fw_ending> NOTE: DUT P0-report: 61
              237796ns <stm_bkpt.fw_ending> NOTE: DUT P0-report: 62
              238380ns <stm_bkpt.fw_ending> NOTE: DUT P0-report: 63
              238964ns <stm_bkpt.fw_ending> NOTE: DUT P0-report: 64
              239548ns <stm_bkpt.fw_ending> NOTE: DUT P0-report: 65
              240131ns <stm_bkpt.fw_ending> NOTE: DUT P0-report: 66
              240715ns <stm_bkpt.fw_ending> NOTE: DUT P0-report: 67
              241299ns <stm_bkpt.fw_ending> NOTE: DUT P0-report: 68
              241883ns <stm_bkpt.fw_ending> NOTE: DUT P0-report: 69
              242467ns <stm_bkpt.fw_ending> NOTE: DUT P0-report: 6a
              243050ns <stm_bkpt.fw_ending> NOTE: DUT P0-report: 6b
              243634ns <stm_bkpt.fw_ending> NOTE: DUT P0-report: 6c
              244218ns <stm_bkpt.fw_ending> NOTE: DUT P0-report: 6d
              244802ns <stm_bkpt.fw_ending> NOTE: DUT P0-report: 6e
              245386ns <stm_bkpt.fw_ending> NOTE: DUT P0-report: 6f
              245969ns <stm_bkpt.fw_ending> NOTE: DUT P0-report: 70
              246553ns <stm_bkpt.fw_ending> NOTE: DUT P0-report: 71
              247137ns <stm_bkpt.fw_ending> NOTE: DUT P0-report: 72
              247721ns <stm_bkpt.fw_ending> NOTE: DUT P0-report: 73
              248305ns <stm_bkpt.fw_ending> NOTE: DUT P0-report: 74
              248888ns <stm_bkpt.fw_ending> NOTE: DUT P0-report: 75
              249472ns <stm_bkpt.fw_ending> NOTE: DUT P0-report: 76
              250056ns <stm_bkpt.fw_ending> NOTE: DUT P0-report: 77
              250640ns <stm_bkpt.fw_ending> NOTE: DUT P0-report: 78
              251224ns <stm_bkpt.fw_ending> NOTE: DUT P0-report: 79
              251807ns <stm_bkpt.fw_ending> NOTE: DUT P0-report: 7a
              252391ns <stm_bkpt.fw_ending> NOTE: DUT P0-report: 7b
              252975ns <stm_bkpt.fw_ending> NOTE: DUT P0-report: 7c
              253559ns <stm_bkpt.fw_ending> NOTE: DUT P0-report: 7d
              254143ns <stm_bkpt.fw_ending> NOTE: DUT P0-report: 7e
              254726ns <stm_bkpt.fw_ending> NOTE: DUT P0-report: 7f
              255310ns <stm_bkpt.fw_ending> NOTE: DUT P0-report: 80
              255894ns <stm_bkpt.fw_ending> NOTE: DUT P0-report: 81
              256478ns <stm_bkpt.fw_ending> NOTE: DUT P0-report: 82
              257062ns <stm_bkpt.fw_ending> NOTE: DUT P0-report: 83
              257645ns <stm_bkpt.fw_ending> NOTE: DUT P0-report: 84
              258229ns <stm_bkpt.fw_ending> NOTE: DUT P0-report: 85
              258813ns <stm_bkpt.fw_ending> NOTE: DUT P0-report: 86
              259397ns <stm_bkpt.fw_ending> NOTE: DUT P0-report: 87
              259981ns <stm_bkpt.fw_ending> NOTE: DUT P0-report: 88
              260564ns <stm_bkpt.fw_ending> NOTE: DUT P0-report: 89
              261148ns <stm_bkpt.fw_ending> NOTE: DUT P0-report: 8a
              261732ns <stm_bkpt.fw_ending> NOTE: DUT P0-report: 8b
              262316ns <stm_bkpt.fw_ending> NOTE: DUT P0-report: 8c
              262900ns <stm_bkpt.fw_ending> NOTE: DUT P0-report: 8d
              263483ns <stm_bkpt.fw_ending> NOTE: DUT P0-report: 8e
              264067ns <stm_bkpt.fw_ending> NOTE: DUT P0-report: 8f
              264651ns <stm_bkpt.fw_ending> NOTE: DUT P0-report: 90
              265235ns <stm_bkpt.fw_ending> NOTE: DUT P0-report: 91
              265819ns <stm_bkpt.fw_ending> NOTE: DUT P0-report: 92
              266402ns <stm_bkpt.fw_ending> NOTE: DUT P0-report: 93
              266986ns <stm_bkpt.fw_ending> NOTE: DUT P0-report: 94
              267570ns <stm_bkpt.fw_ending> NOTE: DUT P0-report: 95
              268154ns <stm_bkpt.fw_ending> NOTE: DUT P0-report: 96
              268738ns <stm_bkpt.fw_ending> NOTE: DUT P0-report: 97
              269321ns <stm_bkpt.fw_ending> NOTE: DUT P0-report: 98
              269905ns <stm_bkpt.fw_ending> NOTE: DUT P0-report: 99
              270489ns <stm_bkpt.fw_ending> NOTE: DUT P0-report: 9a
              271073ns <stm_bkpt.fw_ending> NOTE: DUT P0-report: 9b
              271657ns <stm_bkpt.fw_ending> NOTE: DUT P0-report: 9c
              272240ns <stm_bkpt.fw_ending> NOTE: DUT P0-report: 9d
              272824ns <stm_bkpt.fw_ending> NOTE: DUT P0-report: 9e
              273408ns <stm_bkpt.fw_ending> NOTE: DUT P0-report: 9f
              273992ns <stm_bkpt.fw_ending> NOTE: DUT P0-report: a0
              274576ns <stm_bkpt.fw_ending> NOTE: DUT P0-report: a1
              275159ns <stm_bkpt.fw_ending> NOTE: DUT P0-report: a2
              275743ns <stm_bkpt.fw_ending> NOTE: DUT P0-report: a3
              276327ns <stm_bkpt.fw_ending> NOTE: DUT P0-report: a4
              276911ns <stm_bkpt.fw_ending> NOTE: DUT P0-report: a5
              277495ns <stm_bkpt.fw_ending> NOTE: DUT P0-report: a6
              278078ns <stm_bkpt.fw_ending> NOTE: DUT P0-report: a7
              278662ns <stm_bkpt.fw_ending> NOTE: DUT P0-report: a8
              279246ns <stm_bkpt.fw_ending> NOTE: DUT P0-report: a9
              279830ns <stm_bkpt.fw_ending> NOTE: DUT P0-report: aa
              280414ns <stm_bkpt.fw_ending> NOTE: DUT P0-report: ab
              280997ns <stm_bkpt.fw_ending> NOTE: DUT P0-report: ac
              281581ns <stm_bkpt.fw_ending> NOTE: DUT P0-report: ad
              282165ns <stm_bkpt.fw_ending> NOTE: DUT P0-report: ae
              282749ns <stm_bkpt.fw_ending> NOTE: DUT P0-report: af
              283333ns <stm_bkpt.fw_ending> NOTE: DUT P0-report: b0
              283916ns <stm_bkpt.fw_ending> NOTE: DUT P0-report: b1
              284500ns <stm_bkpt.fw_ending> NOTE: DUT P0-report: b2
              285084ns <stm_bkpt.fw_ending> NOTE: DUT P0-report: b3
              285668ns <stm_bkpt.fw_ending> NOTE: DUT P0-report: b4
              286252ns <stm_bkpt.fw_ending> NOTE: DUT P0-report: b5
              286835ns <stm_bkpt.fw_ending> NOTE: DUT P0-report: b6
              287419ns <stm_bkpt.fw_ending> NOTE: DUT P0-report: b7
              288003ns <stm_bkpt.fw_ending> NOTE: DUT P0-report: b8
              288587ns <stm_bkpt.fw_ending> NOTE: DUT P0-report: b9
              289171ns <stm_bkpt.fw_ending> NOTE: DUT P0-report: ba
              289754ns <stm_bkpt.fw_ending> NOTE: DUT P0-report: bb
              290338ns <stm_bkpt.fw_ending> NOTE: DUT P0-report: bc
              290922ns <stm_bkpt.fw_ending> NOTE: DUT P0-report: bd
              291506ns <stm_bkpt.fw_ending> NOTE: DUT P0-report: be
              292090ns <stm_bkpt.fw_ending> NOTE: DUT P0-report: bf
              292673ns <stm_bkpt.fw_ending> NOTE: DUT P0-report: c0
              293257ns <stm_bkpt.fw_ending> NOTE: DUT P0-report: c1
              293841ns <stm_bkpt.fw_ending> NOTE: DUT P0-report: c2
              294425ns <stm_bkpt.fw_ending> NOTE: DUT P0-report: c3
              295009ns <stm_bkpt.fw_ending> NOTE: DUT P0-report: c4
              295592ns <stm_bkpt.fw_ending> NOTE: DUT P0-report: c5
              296176ns <stm_bkpt.fw_ending> NOTE: DUT P0-report: c6
              296760ns <stm_bkpt.fw_ending> NOTE: DUT P0-report: c7
              297344ns <stm_bkpt.fw_ending> NOTE: DUT P0-report: c8
              297928ns <stm_bkpt.fw_ending> NOTE: DUT P0-report: c9
              298511ns <stm_bkpt.fw_ending> NOTE: DUT P0-report: ca
              299095ns <stm_bkpt.fw_ending> NOTE: DUT P0-report: cb
              299679ns <stm_bkpt.fw_ending> NOTE: DUT P0-report: cc
              300263ns <stm_bkpt.fw_ending> NOTE: DUT P0-report: cd
              300847ns <stm_bkpt.fw_ending> NOTE: DUT P0-report: ce
              301430ns <stm_bkpt.fw_ending> NOTE: DUT P0-report: cf
              302014ns <stm_bkpt.fw_ending> NOTE: DUT P0-report: d0
              302598ns <stm_bkpt.fw_ending> NOTE: DUT P0-report: d1
              303182ns <stm_bkpt.fw_ending> NOTE: DUT P0-report: d2
              303766ns <stm_bkpt.fw_ending> NOTE: DUT P0-report: d3
              304349ns <stm_bkpt.fw_ending> NOTE: DUT P0-report: d4
              304933ns <stm_bkpt.fw_ending> NOTE: DUT P0-report: d5
              305517ns <stm_bkpt.fw_ending> NOTE: DUT P0-report: d6
              306101ns <stm_bkpt.fw_ending> NOTE: DUT P0-report: d7
              306685ns <stm_bkpt.fw_ending> NOTE: DUT P0-report: d8
              307268ns <stm_bkpt.fw_ending> NOTE: DUT P0-report: d9
              307852ns <stm_bkpt.fw_ending> NOTE: DUT P0-report: da
              308436ns <stm_bkpt.fw_ending> NOTE: DUT P0-report: db
              309020ns <stm_bkpt.fw_ending> NOTE: DUT P0-report: dc
              309604ns <stm_bkpt.fw_ending> NOTE: DUT P0-report: dd
              310187ns <stm_bkpt.fw_ending> NOTE: DUT P0-report: de
              310771ns <stm_bkpt.fw_ending> NOTE: DUT P0-report: df
              311355ns <stm_bkpt.fw_ending> NOTE: DUT P0-report: e0
              311939ns <stm_bkpt.fw_ending> NOTE: DUT P0-report: e1
              312523ns <stm_bkpt.fw_ending> NOTE: DUT P0-report: e2
              313106ns <stm_bkpt.fw_ending> NOTE: DUT P0-report: e3
              313690ns <stm_bkpt.fw_ending> NOTE: DUT P0-report: e4
              314274ns <stm_bkpt.fw_ending> NOTE: DUT P0-report: e5
              314858ns <stm_bkpt.fw_ending> NOTE: DUT P0-report: e6
              315442ns <stm_bkpt.fw_ending> NOTE: DUT P0-report: e7
              316025ns <stm_bkpt.fw_ending> NOTE: DUT P0-report: e8
              316609ns <stm_bkpt.fw_ending> NOTE: DUT P0-report: e9
              317193ns <stm_bkpt.fw_ending> NOTE: DUT P0-report: ea
              317777ns <stm_bkpt.fw_ending> NOTE: DUT P0-report: eb
              318361ns <stm_bkpt.fw_ending> NOTE: DUT P0-report: ec
              319612ns <stm_bkpt.fw_ending> NOTE: DUT P0-report: ef
              320446ns <stm_bkpt.fw_ending> NOTE: DUT P0-report: f0
              321029ns <stm_bkpt.fw_ending> NOTE: DUT P0-report: f1
              321613ns <stm_bkpt.fw_ending> NOTE: DUT P0-report: f2
              322197ns <stm_bkpt.fw_ending> NOTE: DUT P0-report: f3
              322781ns <stm_bkpt.fw_ending> NOTE: DUT P0-report: f4
              323365ns <stm_bkpt.fw_ending> NOTE: DUT P0-report: f5
              323948ns <stm_bkpt.fw_ending> NOTE: DUT P0-report: f6
              324532ns <stm_bkpt.fw_ending> NOTE: DUT P0-report: f7
              325116ns <stm_bkpt.fw_ending> NOTE: DUT P0-report: f8
              325700ns <stm_bkpt.fw_ending> NOTE: DUT P0-report: f9
              326284ns <stm_bkpt.fw_ending> NOTE: DUT P0-report: fa
              326867ns <stm_bkpt.fw_ending> NOTE: DUT P0-report: fb
              327451ns <stm_bkpt.fw_ending> NOTE: DUT P0-report: fc
              328035ns <stm_bkpt.fw_ending> NOTE: DUT P0-report: fd
              328619ns <stm_bkpt.fw_ending> NOTE: DUT P0-report: fe
              329703ns <stm_bkpt.fw_ending> NOTE: DUT P0-report: ff
              329703ns <stm_bkpt> NOTE: GPO completed.
              333873ns <stm_bkpt.fw_ending> NOTE: DUT P0-report: e0
              342046ns <stm_bkpt.fw_ending> NOTE: DUT P0-report: 01
              351554ns <stm_bkpt.fw_ending> NOTE: DUT P0-report: 02
              361061ns <stm_bkpt.fw_ending> NOTE: DUT P0-report: 04
              368067ns <stm_bkpt> NOTE: GPIO PU/PD completed.
              370569ns <stm_bkpt.fw_ending> NOTE: DUT P0-report: 08
              371737ns <stm_bkpt.fw_ending> NOTE: DUT P0-report: 00
              375573ns <stm_bkpt.fw_ending> NOTE: DUT P0-report: e1
              468067ns <stm_bkpt.try_bkpt> bkpt@pc:0xce
Read dummy cycle.

Read dummy cycle.

              808982ns <stm_bkpt.try_bkpt> bkpt@pc:0xce
Read dummy cycle.

Read dummy cycle.

              838693ns <stm_bkpt.fw_ending> NOTE: DUT P0-report: 01
Read dummy cycle.

Read dummy cycle.

             1149296ns <stm_bkpt.try_bkpt> bkpt@pc:0xcf
Read dummy cycle.

Read dummy cycle.

             1177464ns <stm_bkpt.fw_ending> NOTE: DUT P0-report: 02
Read dummy cycle.

Read dummy cycle.

             1487137ns <stm_bkpt.try_bkpt> bkpt@pc:0xd0
Read dummy cycle.

Read dummy cycle.

             1517402ns <stm_bkpt.fw_ending> NOTE: DUT P0-report: 03
Read dummy cycle.

Read dummy cycle.

             1829688ns <stm_bkpt.try_bkpt> bkpt@pc:0xd3
Read dummy cycle.

Read dummy cycle.

             1859009ns <stm_bkpt.fw_ending> NOTE: DUT P0-report: 04
Read dummy cycle.

Read dummy cycle.

             2169580ns <stm_bkpt.try_bkpt> bkpt@pc:0xd4
Read dummy cycle.

Read dummy cycle.

             2199614ns <stm_bkpt.fw_ending> NOTE: DUT P0-report: 05
Read dummy cycle.

Read dummy cycle.

             2510947ns <stm_bkpt.fw_ending> NOTE: DUT P0-report: 06
             2511069ns <stm_bkpt.try_bkpt> bkpt@pc:0xcb
Read dummy cycle.

Read dummy cycle.

Read dummy cycle.

Read dummy cycle.

             2849097ns <stm_bkpt.try_bkpt> bkpt@pc:0xc9
Read dummy cycle.

Read dummy cycle.

             2877573ns <stm_bkpt.fw_ending> NOTE: DUT P0-report: 13
Read dummy cycle.

Read dummy cycle.

             3188059ns <stm_bkpt.try_bkpt> bkpt@pc:0xc8
Read dummy cycle.

Read dummy cycle.

             3218012ns <stm_bkpt.fw_ending> NOTE: DUT P0-report: 15
Read dummy cycle.

Read dummy cycle.

             3528606ns <stm_bkpt.try_bkpt> bkpt@pc:0xc6
Read dummy cycle.

Read dummy cycle.

             3558117ns <stm_bkpt.fw_ending> NOTE: DUT P0-report: 16
Read dummy cycle.

Read dummy cycle.

             3869783ns <stm_bkpt.fw_ending> NOTE: DUT P0-report: 18
Read dummy cycle.

Read dummy cycle.

             4043672ns <stm_bkpt.fw_ending> NOTE: DUT P0-report: ed
             4043755ns <stm_bkpt.fw_ending> NOTE: simulation completed by DUT FW
Simulation complete via $finish(1) at time 4043855280 PS + 0
../stm/stm_task.v:54    forever @(posedge `DUT_CCLK) if (`DUT_MCU.port0o==='hed) `HW_FIN (($time,"ns <%m> NOTE: simulation completed by DUT FW"))
ncsim> exit
TOOL:	ncverilog	15.20-s024: Exiting on Mar 13, 2023 at 19:20:42 CST  (total: 00:00:04)
