Command: vcs -full64 +v2k +acc +no_notifier +vcs+lic+wait -notice -R -Mupdate +tetramax \
-q +nowarnTFIPC -P /mnt/tools/verdi/2013.07/share/PLI/VCS/LINUX64/novas.tab /mnt/tools/verdi/2013.07/share/PLI/VCS/LINUX64/pli.a \
-P /mnt/tools/txs/2013.03/amd64/stildpv/lib/stildpv_vcs.tab /mnt/tools/txs/2013.03/amd64/stildpv/lib/libstildpv.a \
+define+tmax_msg=1+tmax_rpt=10 -timescale=1ns/1ps -negdelay -f ../cmd/macro.f ./gate.v \
../stm/stm_atpg.v +define+CAN1127A0+EMPTY -l atpg_serial_99+3_ver.log +define+GATE+MIN+VEC_VER="atpg_serial_99+3.vec"+VCD \


Warning-[ACC_CLI_ON] ACC/CLI capabilities enabled
  ACC/CLI capabilities have been enabled for the entire design. For faster 
  performance enable module specific capability in pli.tab file


Warning-[TFIPC] Too few instance port connections
  The following instance has fewer port connections than the module definition
  "../stm/stm_atpg.v", 172: chiptop_1127a0 U0_DUT( .DP (DP),  .DN (DN),  .CC1 
  (CC1),  .CC2 (CC2),  .TST (TST),  .SCL (SCL),  .SDA (SDA),  .GPIO1 (GPIO1), 
  .GPIO2 (GPIO2),  .GPIO3 (GPIO3) ...
  


   ***   $sdf_annotate() version 1.2R
   ***    SDF file: "chiptop_ff.sdf"
   ***    Annotation scope: bench.U0_DUT
   ***    MTM selection: "MINIMUM"
   ***    No SCALE FACTORS argument specified
   ***    No SCALE TYPE argument specified
   ***    SCALE FACTORS defaulted to "1.0:1.0:1.0":
   ***    SCALE TYPE defaulted to: "FROM_MTM"
   ***    Turnoff delay: "FROM_FILE"
   ***    Approximation (mipd) policy: "MAXIMUM"

   ***    SDF annotation begin: Wed Apr 26 09:29:54 2023


SDF Info: +pulse_r/100, +pulse_e/100 in effect

Warning-[SDFCOM_PONF] Port not found
chiptop_ff.sdf, 515
module: SDFFQX2, "instance: bench.U0_DUT.U0_CORE.u0_ictlr.adr_p_reg_0_"
  SDF Error: Port \A[0]  specified in SDF file using INTERCONNECT does not 
  exist.
  If this warning is not expected, please check if bit select is escaped with 
  a backslash in the SDF.


Warning-[SDFCOM_PONF] Port not found
chiptop_ff.sdf, 1020
module: SDFFQX2, "instance: bench.U0_DUT.U0_CORE.u0_ictlr.adr_p_reg_7_"
  SDF Error: Port \A[10]  specified in SDF file using INTERCONNECT does not 
  exist.
  If this warning is not expected, please check if bit select is escaped with 
  a backslash in the SDF.


Warning-[SDFCOM_PONF] Port not found
chiptop_ff.sdf, 1525
module: SDFFQX2, "instance: bench.U0_DUT.U0_CORE.u0_ictlr.adr_p_reg_8_"
  SDF Error: Port \A[11]  specified in SDF file using INTERCONNECT does not 
  exist.
  If this warning is not expected, please check if bit select is escaped with 
  a backslash in the SDF.


Warning-[SDFCOM_PONF] Port not found
chiptop_ff.sdf, 1535
module: ATO0008KX8MX180LBX4DA, "instance: bench.U0_DUT.U0_CODE_0_"
  SDF Error: Port \Q[5]  specified in SDF file using INTERCONNECT does not 
  exist.
  If this warning is not expected, please check if bit select is escaped with 
  a backslash in the SDF.


Warning-[SDFCOM_PONF] Port not found
chiptop_ff.sdf, 2030
module: SDFFQX2, "instance: bench.U0_DUT.U0_CORE.u0_ictlr.adr_p_reg_9_"
  SDF Error: Port \A[12]  specified in SDF file using INTERCONNECT does not 
  exist.
  If this warning is not expected, please check if bit select is escaped with 
  a backslash in the SDF.


Warning-[SDFCOM_PONF] Port not found
chiptop_ff.sdf, 2535
module: SDFFQX2, "instance: bench.U0_DUT.U0_CORE.u0_ictlr.adr_p_reg_10_"
  SDF Error: Port \A[13]  specified in SDF file using INTERCONNECT does not 
  exist.
  If this warning is not expected, please check if bit select is escaped with 
  a backslash in the SDF.


Warning-[SDFCOM_PONF] Port not found
chiptop_ff.sdf, 3040
module: SDFFQX2, "instance: bench.U0_DUT.U0_CORE.u0_ictlr.adr_p_reg_11_"
  SDF Error: Port \A[14]  specified in SDF file using INTERCONNECT does not 
  exist.
  If this warning is not expected, please check if bit select is escaped with 
  a backslash in the SDF.


Warning-[SDFCOM_PONF] Port not found
chiptop_ff.sdf, 3545
module: SDFFQX2, "instance: bench.U0_DUT.U0_CORE.u0_ictlr.adr_p_reg_2_"
  SDF Error: Port \A[2]  specified in SDF file using INTERCONNECT does not 
  exist.
  If this warning is not expected, please check if bit select is escaped with 
  a backslash in the SDF.


Warning-[SDFCOM_PONF] Port not found
chiptop_ff.sdf, 4050
module: SDFFQX2, "instance: bench.U0_DUT.U0_CORE.u0_ictlr.adr_p_reg_12_"
  SDF Error: Port \A[15]  specified in SDF file using INTERCONNECT does not 
  exist.
  If this warning is not expected, please check if bit select is escaped with 
  a backslash in the SDF.


Warning-[SDFCOM_PONF] Port not found
chiptop_ff.sdf, 4060
module: ATO0008KX8MX180LBX4DA, "instance: bench.U0_DUT.U0_CODE_0_"
  SDF Error: Port \Q[3]  specified in SDF file using INTERCONNECT does not 
  exist.
  If this warning is not expected, please check if bit select is escaped with 
  a backslash in the SDF.

All future errors not reported; use +sdfverbose to report them.
All future warnings not reported; use +sdfverbose to report them.

          Total errors: 22477
          Total warnings: 61
   ***    SDF annotation completed: Wed Apr 26 09:29:54 2023



Warning-[SDFCOM_NIOD] Negative IOPATH Delay encountered
chiptop_ff.sdf, 129928
  SDF Warning: Negative IOPATH Delay bench.U0_DUT.U0_CORE.U1032.A to 
  bench.U0_DUT.U0_CORE.U1032.Y is replaced by 0.
  This negative value cannot be handled with switch -negdelay. Please check 
  SDF files.


Warning-[SDFCOM_NIOD] Negative IOPATH Delay encountered
chiptop_ff.sdf, 176027
  SDF Warning: Negative IOPATH Delay bench.U0_DUT.U0_CORE.u0_mcu.u_isr.U117.B 
  to bench.U0_DUT.U0_CORE.u0_mcu.u_isr.U117.Y is replaced by 0.
  This negative value cannot be handled with switch -negdelay. Please check 
  SDF files.


Warning-[SDFCOM_NIOD] Negative IOPATH Delay encountered
chiptop_ff.sdf, 176298
  SDF Warning: Negative IOPATH Delay bench.U0_DUT.U0_CORE.u0_mcu.u_isr.U121.A 
  to bench.U0_DUT.U0_CORE.u0_mcu.u_isr.U121.Y is replaced by 0.
  This negative value cannot be handled with switch -negdelay. Please check 
  SDF files.


Warning-[SDFCOM_NIOD] Negative IOPATH Delay encountered
chiptop_ff.sdf, 216303
  SDF Warning: Negative IOPATH Delay bench.U0_DUT.U0_CORE.u0_mcu.u_cpu.U1442.B
  to bench.U0_DUT.U0_CORE.u0_mcu.u_cpu.U1442.Y is replaced by 0.
  This negative value cannot be handled with switch -negdelay. Please check 
  SDF files.


Warning-[SDFCOM_NIOD] Negative IOPATH Delay encountered
chiptop_ff.sdf, 321839
  SDF Warning: Negative IOPATH Delay 
  bench.U0_DUT.U0_CORE.u0_regbank.srl_133.U3692.A to 
  bench.U0_DUT.U0_CORE.u0_regbank.srl_133.U3692.Y is replaced by 0.
  This negative value cannot be handled with switch -negdelay. Please check 
  SDF files.


Warning-[SDFCOM_NIOD] Negative IOPATH Delay encountered
chiptop_ff.sdf, 372873
  SDF Warning: Negative IOPATH Delay bench.U0_DUT.U0_CORE.u0_ictlr.U1192.A to 
  bench.U0_DUT.U0_CORE.u0_ictlr.U1192.Y is replaced by 0.
  This negative value cannot be handled with switch -negdelay. Please check 
  SDF files.


Warning-[SDFCOM_NIOD] Negative IOPATH Delay encountered
chiptop_ff.sdf, 374333
  SDF Warning: Negative IOPATH Delay bench.U0_DUT.U0_CORE.u0_ictlr.U1013.C to 
  bench.U0_DUT.U0_CORE.u0_ictlr.U1013.Y is replaced by 0.
  This negative value cannot be handled with switch -negdelay. Please check 
  SDF files.


Warning-[SDFCOM_NIOD] Negative IOPATH Delay encountered
chiptop_ff.sdf, 375047
  SDF Warning: Negative IOPATH Delay bench.U0_DUT.U0_CORE.u0_ictlr.U1027.A to 
  bench.U0_DUT.U0_CORE.u0_ictlr.U1027.Y is replaced by 0.
  This negative value cannot be handled with switch -negdelay. Please check 
  SDF files.


Lint-[PCTI-L] Ports coerced to input
./gate.v, 86080
"VFB"
  Port "VFB" declared as inout in module "chiptop_1127a0" does not have any 
  load in parent module or is connected to constant, it may need to be input. 
  Coercing to input.


Lint-[PCTI-L] Ports coerced to input
./gate.v, 86080
"CSN"
  Port "CSN" declared as inout in module "chiptop_1127a0" does not have any 
  load in parent module or is connected to constant, it may need to be input. 
  Coercing to input.


Lint-[PCTI-L] Ports coerced to input
./gate.v, 86080
"CSP"
  Port "CSP" declared as inout in module "chiptop_1127a0" does not have any 
  load in parent module or is connected to constant, it may need to be input. 
  Coercing to input.


Lint-[PCTIO-L] Ports coerced to inout
./gate.v, 86080
"TST"
  Port "TST" declared as input in module "chiptop_1127a0" may need to be 
  inout. Coercing to inout.


Lint-[PCTI-L] Ports coerced to input
./gate.v, 86081
"VDRV"
  Port "VDRV" declared as inout in module "chiptop_1127a0" does not have any 
  load in parent module or is connected to constant, it may need to be input. 
  Coercing to input.


Lint-[PCTI-L] Ports coerced to input
./gate.v, 86081
"BST"
  Port "BST" declared as inout in module "chiptop_1127a0" does not have any 
  load in parent module or is connected to constant, it may need to be input. 
  Coercing to input.


Lint-[PCTI-L] Ports coerced to input
./gate.v, 86081
"SW"
  Port "SW" declared as inout in module "chiptop_1127a0" does not have any 
  load in parent module or is connected to constant, it may need to be input. 
  Coercing to input.


Lint-[PCTI-L] Ports coerced to input
./gate.v, 86081
"COMP"
  Port "COMP" declared as inout in module "chiptop_1127a0" does not have any 
  load in parent module or is connected to constant, it may need to be input. 
  Coercing to input.


Lint-[PCTI-L] Ports coerced to input
/mnt/app1/ray/project/can1127/macro/anatop_1127a0.v, 16
"VFB"
  Port "VFB" declared as inout in module "anatop_1127a0" does not have any 
  load in parent module or is connected to constant, it may need to be input. 
  Coercing to input.


Lint-[PCTI-L] Ports coerced to input
/mnt/app1/ray/project/can1127/macro/anatop_1127a0.v, 17
"CSP"
  Port "CSP" declared as inout in module "anatop_1127a0" does not have any 
  load in parent module or is connected to constant, it may need to be input. 
  Coercing to input.


Lint-[PCTI-L] Ports coerced to input
/mnt/app1/ray/project/can1127/macro/anatop_1127a0.v, 17
"CSN"
  Port "CSN" declared as inout in module "anatop_1127a0" does not have any 
  load in parent module or is connected to constant, it may need to be input. 
  Coercing to input.


Lint-[PCTI-L] Ports coerced to input
/mnt/app1/ray/project/can1127/macro/anatop_1127a0.v, 19
"COMP"
  Port "COMP" declared as inout in module "anatop_1127a0" does not have any 
  load in parent module or is connected to constant, it may need to be input. 
  Coercing to input.


Lint-[PCTI-L] Ports coerced to input
/mnt/app1/ray/project/can1127/macro/anatop_1127a0.v, 19
"SW"
  Port "SW" declared as inout in module "anatop_1127a0" does not have any load
  in parent module or is connected to constant, it may need to be input. 
  Coercing to input.


Lint-[PCTI-L] Ports coerced to input
/mnt/app1/ray/project/can1127/macro/anatop_1127a0.v, 19
"BST"
  Port "BST" declared as inout in module "anatop_1127a0" does not have any 
  load in parent module or is connected to constant, it may need to be input. 
  Coercing to input.


Lint-[PCTI-L] Ports coerced to input
/mnt/app1/ray/project/can1127/macro/anatop_1127a0.v, 19
"VDRV"
  Port "VDRV" declared as inout in module "anatop_1127a0" does not have any 
  load in parent module or is connected to constant, it may need to be input. 
  Coercing to input.


Lint-[PCTIO-L] Ports coerced to inout
./gate.v, 80246
"o_dbc"
  Port "o_dbc" declared as output in module "ff_sync_2" may need to be inout. 
  Coercing to inout.


Lint-[PCTIO-L] Ports coerced to inout
./gate.v, 79659
"rdat"
  Port "rdat" declared as output in module "glreg_WIDTH5_0" may need to be 
  inout. Coercing to inout.


Lint-[PCTIO-L] Ports coerced to inout
./gate.v, 77857
"r_ctl"
  Port "r_ctl" declared as output in module "fcpegn_a0" may need to be inout. 
  Coercing to inout.


Lint-[PCTIO-L] Ports coerced to inout
./gate.v, 77659
"rdat"
  Port "rdat" declared as output in module "glreg_8_00000000" may need to be 
  inout. Coercing to inout.


Lint-[PCTIO-L] Ports coerced to inout
./gate.v, 76507
"rdat"
  Port "rdat" declared as output in module "glreg_a0_22" may need to be inout.
  Coercing to inout.


Lint-[PCTIO-L] Ports coerced to inout
./gate.v, 76429
"rdat"
  Port "rdat" declared as output in module "glreg_a0_21" may need to be inout.
  Coercing to inout.


Lint-[PCTIO-L] Ports coerced to inout
./gate.v, 73097
"o_dbc"
  Port "o_dbc" declared as output in module "dbnc_WIDTH2_TIMEOUT2_3" may need 
  to be inout. Coercing to inout.


Lint-[PCTIO-L] Ports coerced to inout
./gate.v, 73038
"o_dbc"
  Port "o_dbc" declared as output in module "dbnc_WIDTH2_TIMEOUT2_2" may need 
  to be inout. Coercing to inout.


Lint-[PCTIO-L] Ports coerced to inout
./gate.v, 72991
"o_dbc"
  Port "o_dbc" declared as output in module "dbnc_WIDTH2_TIMEOUT2_1" may need 
  to be inout. Coercing to inout.


Lint-[PCTIO-L] Ports coerced to inout
./gate.v, 72944
"o_dbc"
  Port "o_dbc" declared as output in module "dbnc_WIDTH2_TIMEOUT2_0" may need 
  to be inout. Coercing to inout.


Lint-[PCTIO-L] Ports coerced to inout
./gate.v, 72859
"o_dbc"
  Port "o_dbc" declared as output in module "dbnc_a0_1" may need to be inout. 
  Coercing to inout.


Lint-[PCTIO-L] Ports coerced to inout
./gate.v, 72755
"o_dbc"
  Port "o_dbc" declared as output in module "dbnc_a0_0" may need to be inout. 
  Coercing to inout.


Lint-[PCTIO-L] Ports coerced to inout
./gate.v, 69558
"rdat"
  Port "rdat" declared as output in module "glreg_WIDTH1_1" may need to be 
  inout. Coercing to inout.


Lint-[PCTIO-L] Ports coerced to inout
./gate.v, 69508
"rdat"
  Port "rdat" declared as output in module "glreg_a0_9" may need to be inout. 
  Coercing to inout.


Lint-[PCTIO-L] Ports coerced to inout
./gate.v, 69439
"rdat"
  Port "rdat" declared as output in module "glreg_a0_8" may need to be inout. 
  Coercing to inout.


Lint-[PCTIO-L] Ports coerced to inout
./gate.v, 69366
"rdat"
  Port "rdat" declared as output in module "glreg_a0_7" may need to be inout. 
  Coercing to inout.


Lint-[PCTIO-L] Ports coerced to inout
./gate.v, 69262
"o_dbc"
  Port "o_dbc" declared as output in module "dbnc_WIDTH2_TIMEOUT2_7" may need 
  to be inout. Coercing to inout.


Lint-[PCTIO-L] Ports coerced to inout
./gate.v, 69218
"o_dbc"
  Port "o_dbc" declared as output in module "dbnc_WIDTH2_TIMEOUT2_6" may need 
  to be inout. Coercing to inout.


Lint-[PCTIO-L] Ports coerced to inout
./gate.v, 69176
"o_dbc"
  Port "o_dbc" declared as output in module "dbnc_WIDTH2_TIMEOUT2_5" may need 
  to be inout. Coercing to inout.


Lint-[PCTIO-L] Ports coerced to inout
./gate.v, 69135
"o_dbc"
  Port "o_dbc" declared as output in module "dbnc_WIDTH2_TIMEOUT2_4" may need 
  to be inout. Coercing to inout.


Lint-[PCTIO-L] Ports coerced to inout
./gate.v, 69089
"rdat"
  Port "rdat" declared as output in module "glreg_WIDTH6_0" may need to be 
  inout. Coercing to inout.


Lint-[PCTIO-L] Ports coerced to inout
./gate.v, 68882
"rdat"
  Port "rdat" declared as output in module "glreg_a0_12" may need to be inout.
  Coercing to inout.


Lint-[PCTIO-L] Ports coerced to inout
./gate.v, 68811
"rdat"
  Port "rdat" declared as output in module "glreg_a0_11" may need to be inout.
  Coercing to inout.


Lint-[PCTIO-L] Ports coerced to inout
./gate.v, 67636
"rdat"
  Port "rdat" declared as output in module "glreg_WIDTH1_0" may need to be 
  inout. Coercing to inout.


Lint-[PCTIO-L] Ports coerced to inout
./gate.v, 67598
"rdat"
  Port "rdat" declared as output in module "glreg_WIDTH5_1" may need to be 
  inout. Coercing to inout.


Lint-[PCTIO-L] Ports coerced to inout
./gate.v, 67026
"r_pwm"
  Port "r_pwm" declared as output in module "glpwm_a0_0" may need to be inout.
  Coercing to inout.


Lint-[PCTIO-L] Ports coerced to inout
./gate.v, 66973
"rdat"
  Port "rdat" declared as output in module "glreg_a0_0" may need to be inout. 
  Coercing to inout.


Lint-[PCTIO-L] Ports coerced to inout
./gate.v, 66780
"r_pwm"
  Port "r_pwm" declared as output in module "glpwm_a0_1" may need to be inout.
  Coercing to inout.


Lint-[PCTIO-L] Ports coerced to inout
./gate.v, 66734
"rdat"
  Port "rdat" declared as output in module "glreg_a0_1" may need to be inout. 
  Coercing to inout.


Lint-[PCTIO-L] Ports coerced to inout
./gate.v, 64294
"rxd0o"
  Port "rxd0o" declared as output in module "mcu51_a0" may need to be inout. 
  Coercing to inout.


Lint-[PCTIO-L] Ports coerced to inout
./gate.v, 64294
"txd0"
  Port "txd0" declared as output in module "mcu51_a0" may need to be inout. 
  Coercing to inout.


Lint-[PCTIO-L] Ports coerced to inout
./gate.v, 63850
"t0_tf0"
  Port "t0_tf0" declared as output in module "timer0_a0" may need to be inout.
  Coercing to inout.


Lint-[PCTIO-L] Ports coerced to inout
./gate.v, 63850
"t0_tr0"
  Port "t0_tr0" declared as output in module "timer0_a0" may need to be inout.
  Coercing to inout.


Lint-[PCTIO-L] Ports coerced to inout
./gate.v, 61045
"i2fr"
  Port "i2fr" declared as output in module "extint_a0" may need to be inout. 
  Coercing to inout.


Lint-[PCTIO-L] Ports coerced to inout
./gate.v, 61045
"i3fr"
  Port "i3fr" declared as output in module "extint_a0" may need to be inout. 
  Coercing to inout.


Lint-[PCTIO-L] Ports coerced to inout
./gate.v, 47422
"instr"
  Port "instr" declared as output in module "mcu51_cpu_a0" may need to be 
  inout. Coercing to inout.


Lint-[PCTIO-L] Ports coerced to inout
./gate.v, 47422
"pc_o"
  Port "pc_o" declared as output in module "mcu51_cpu_a0" may need to be 
  inout. Coercing to inout.


Lint-[PCTIO-L] Ports coerced to inout
./gate.v, 40787
"rxd0o"
  Port "rxd0o" declared as output in module "serial0_a0" may need to be inout.
  Coercing to inout.


Lint-[PCTIO-L] Ports coerced to inout
./gate.v, 40787
"txd0"
  Port "txd0" declared as output in module "serial0_a0" may need to be inout. 
  Coercing to inout.


Lint-[PCTIO-L] Ports coerced to inout
./gate.v, 26704
"rdat"
  Port "rdat" declared as output in module "glreg_WIDTH7_2" may need to be 
  inout. Coercing to inout.


Lint-[PCTIO-L] Ports coerced to inout
./gate.v, 26658
"rdat"
  Port "rdat" declared as output in module "glreg_4_00000004" may need to be 
  inout. Coercing to inout.


Lint-[PCTIO-L] Ports coerced to inout
./gate.v, 26514
"rdat"
  Port "rdat" declared as output in module "glreg_8_0000001f" may need to be 
  inout. Coercing to inout.


Lint-[PCTIO-L] Ports coerced to inout
./gate.v, 26207
"o_dbc"
  Port "o_dbc" declared as output in module "dbnc_WIDTH2_TIMEOUT2_14" may need
  to be inout. Coercing to inout.


Lint-[PCTIO-L] Ports coerced to inout
./gate.v, 25969
"o_dbc"
  Port "o_dbc" declared as output in module "dbnc_WIDTH2_TIMEOUT2_9" may need 
  to be inout. Coercing to inout.


Lint-[PCTIO-L] Ports coerced to inout
./gate.v, 25969
"o_chg"
  Port "o_chg" declared as output in module "dbnc_WIDTH2_TIMEOUT2_9" may need 
  to be inout. Coercing to inout.


Lint-[PCTIO-L] Ports coerced to inout
./gate.v, 25811
"o_dbc"
  Port "o_dbc" declared as output in module "dbnc_WIDTH4_TIMEOUT14_2" may need
  to be inout. Coercing to inout.


Lint-[PCTIO-L] Ports coerced to inout
./gate.v, 25710
"o_dbc"
  Port "o_dbc" declared as output in module "dbnc_WIDTH4_TIMEOUT14_1" may need
  to be inout. Coercing to inout.


Lint-[PCTIO-L] Ports coerced to inout
./gate.v, 25605
"o_dbc"
  Port "o_dbc" declared as output in module "dbnc_WIDTH4_TIMEOUT14_0" may need
  to be inout. Coercing to inout.


Lint-[PCTIO-L] Ports coerced to inout
./gate.v, 25435
"o_dbc"
  Port "o_dbc" declared as output in module "dbnc_WIDTH2_4" may need to be 
  inout. Coercing to inout.


Lint-[PCTIO-L] Ports coerced to inout
./gate.v, 25436
"o_chg"
  Port "o_chg" declared as output in module "dbnc_WIDTH2_4" may need to be 
  inout. Coercing to inout.


Lint-[PCTIO-L] Ports coerced to inout
./gate.v, 25375
"o_dbc"
  Port "o_dbc" declared as output in module "dbnc_WIDTH2_3" may need to be 
  inout. Coercing to inout.


Lint-[PCTIO-L] Ports coerced to inout
./gate.v, 25376
"o_chg"
  Port "o_chg" declared as output in module "dbnc_WIDTH2_3" may need to be 
  inout. Coercing to inout.


Lint-[PCTIO-L] Ports coerced to inout
./gate.v, 25319
"o_dbc"
  Port "o_dbc" declared as output in module "dbnc_WIDTH2_2" may need to be 
  inout. Coercing to inout.


Lint-[PCTIO-L] Ports coerced to inout
./gate.v, 25320
"o_chg"
  Port "o_chg" declared as output in module "dbnc_WIDTH2_2" may need to be 
  inout. Coercing to inout.


Lint-[PCTIO-L] Ports coerced to inout
./gate.v, 25260
"rdat"
  Port "rdat" declared as output in module "glreg_a0_63" may need to be inout.
  Coercing to inout.


Lint-[PCTIO-L] Ports coerced to inout
./gate.v, 25186
"rdat"
  Port "rdat" declared as output in module "glreg_a0_62" may need to be inout.
  Coercing to inout.


Lint-[PCTIO-L] Ports coerced to inout
./gate.v, 25118
"rdat"
  Port "rdat" declared as output in module "glreg_a0_61" may need to be inout.
  Coercing to inout.


Lint-[PCTIO-L] Ports coerced to inout
./gate.v, 25052
"rdat"
  Port "rdat" declared as output in module "glreg_a0_60" may need to be inout.
  Coercing to inout.


Lint-[PCTIO-L] Ports coerced to inout
./gate.v, 24975
"rdat"
  Port "rdat" declared as output in module "glreg_a0_59" may need to be inout.
  Coercing to inout.


Lint-[PCTIO-L] Ports coerced to inout
./gate.v, 24906
"rdat"
  Port "rdat" declared as output in module "glreg_a0_58" may need to be inout.
  Coercing to inout.


Lint-[PCTIO-L] Ports coerced to inout
./gate.v, 24831
"rdat"
  Port "rdat" declared as output in module "glreg_a0_57" may need to be inout.
  Coercing to inout.


Lint-[PCTIO-L] Ports coerced to inout
./gate.v, 24685
"rdat"
  Port "rdat" declared as output in module "glreg_8_000000f0" may need to be 
  inout. Coercing to inout.


Lint-[PCTIO-L] Ports coerced to inout
./gate.v, 24610
"rdat"
  Port "rdat" declared as output in module "glreg_8_00000098" may need to be 
  inout. Coercing to inout.


Lint-[PCTIO-L] Ports coerced to inout
./gate.v, 24531
"rdat"
  Port "rdat" declared as output in module "glreg_8_00000032" may need to be 
  inout. Coercing to inout.


Lint-[PCTIO-L] Ports coerced to inout
./gate.v, 24078
"rdat"
  Port "rdat" declared as output in module "glreg_WIDTH4" may need to be 
  inout. Coercing to inout.


Lint-[PCTIO-L] Ports coerced to inout
./gate.v, 23922
"rdat"
  Port "rdat" declared as output in module "glreg_8_00000001" may need to be 
  inout. Coercing to inout.


Lint-[PCTIO-L] Ports coerced to inout
./gate.v, 23850
"rdat"
  Port "rdat" declared as output in module "glreg_8_00000011" may need to be 
  inout. Coercing to inout.


Lint-[PCTIO-L] Ports coerced to inout
./gate.v, 22931
"rdat"
  Port "rdat" declared as output in module "glreg_a0_75" may need to be inout.
  Coercing to inout.


Lint-[PCTIO-L] Ports coerced to inout
./gate.v, 22726
"rdat"
  Port "rdat" declared as output in module "glreg_a0_73" may need to be inout.
  Coercing to inout.


Lint-[PCTIO-L] Ports coerced to inout
./gate.v, 22654
"rdat"
  Port "rdat" declared as output in module "glreg_a0_72" may need to be inout.
  Coercing to inout.


Lint-[PCTIO-L] Ports coerced to inout
./gate.v, 22585
"rdat"
  Port "rdat" declared as output in module "glreg_a0_71" may need to be inout.
  Coercing to inout.


Lint-[PCTIO-L] Ports coerced to inout
./gate.v, 22314
"rdat"
  Port "rdat" declared as output in module "glsta_a0_6" may need to be inout. 
  Coercing to inout.


Lint-[PCTIO-L] Ports coerced to inout
./gate.v, 22257
"rdat"
  Port "rdat" declared as output in module "glreg_WIDTH8_6" may need to be 
  inout. Coercing to inout.


Lint-[PCTIO-L] Ports coerced to inout
./gate.v, 22139
"rdat"
  Port "rdat" declared as output in module "glsta_a0_5" may need to be inout. 
  Coercing to inout.


Lint-[PCTIO-L] Ports coerced to inout
./gate.v, 22078
"rdat"
  Port "rdat" declared as output in module "glreg_WIDTH8_5" may need to be 
  inout. Coercing to inout.


Lint-[PCTIO-L] Ports coerced to inout
./gate.v, 21319
"rise"
  Port "rise" declared as output in module "i2cdbnc_a0_1" may need to be 
  inout. Coercing to inout.


Lint-[PCTIO-L] Ports coerced to inout
./gate.v, 21264
"rise"
  Port "rise" declared as output in module "i2cdbnc_a0_0" may need to be 
  inout. Coercing to inout.


Lint-[PCTIO-L] Ports coerced to inout
./gate.v, 19185
"prx_bmc"
  Port "prx_bmc" declared as output in module "phyrx_a0" may need to be inout.
  Coercing to inout.


Lint-[PCTIO-L] Ports coerced to inout
./gate.v, 19188
"prx_rcvdords"
  Port "prx_rcvdords" declared as output in module "phyrx_a0" may need to be 
  inout. Coercing to inout.


Lint-[PCTIO-L] Ports coerced to inout
./gate.v, 19188
"prx_rxcode"
  Port "prx_rxcode" declared as output in module "phyrx_a0" may need to be 
  inout. Coercing to inout.


Lint-[PCTIO-L] Ports coerced to inout
./gate.v, 19189
"prx_setsta"
  Port "prx_setsta" declared as output in module "phyrx_a0" may need to be 
  inout. Coercing to inout.


Lint-[PCTIO-L] Ports coerced to inout
./gate.v, 11861
"fifowdat"
  Port "fifowdat" declared as output in module "phyff_DEPTH_NUM34_DEPTH_NBT6" 
  may need to be inout. Coercing to inout.


Lint-[PCTIO-L] Ports coerced to inout
./gate.v, 5394
"rdat"
  Port "rdat" declared as output in module "glreg_a0_26" may need to be inout.
  Coercing to inout.


Lint-[PCTIO-L] Ports coerced to inout
./gate.v, 5305
"rdat"
  Port "rdat" declared as output in module "glreg_WIDTH2_0" may need to be 
  inout. Coercing to inout.


Lint-[PCTIO-L] Ports coerced to inout
./gate.v, 5010
"rdat"
  Port "rdat" declared as output in module "glreg_a0_36" may need to be inout.
  Coercing to inout.


Lint-[PCTIO-L] Ports coerced to inout
./gate.v, 4942
"rdat"
  Port "rdat" declared as output in module "glreg_a0_35" may need to be inout.
  Coercing to inout.


Lint-[PCTIO-L] Ports coerced to inout
./gate.v, 4873
"rdat"
  Port "rdat" declared as output in module "glreg_a0_34" may need to be inout.
  Coercing to inout.


Lint-[PCTIO-L] Ports coerced to inout
./gate.v, 4805
"rdat"
  Port "rdat" declared as output in module "glreg_a0_33" may need to be inout.
  Coercing to inout.


Lint-[PCTIO-L] Ports coerced to inout
./gate.v, 4732
"rdat"
  Port "rdat" declared as output in module "glreg_a0_32" may need to be inout.
  Coercing to inout.


Lint-[PCTIO-L] Ports coerced to inout
./gate.v, 4673
"rdat"
  Port "rdat" declared as output in module "glreg_a0_31" may need to be inout.
  Coercing to inout.


Lint-[PCTIO-L] Ports coerced to inout
./gate.v, 4601
"rdat"
  Port "rdat" declared as output in module "glreg_a0_30" may need to be inout.
  Coercing to inout.


Lint-[PCTIO-L] Ports coerced to inout
./gate.v, 4371
"rdat"
  Port "rdat" declared as output in module "glreg_a0_44" may need to be inout.
  Coercing to inout.


Lint-[PCTIO-L] Ports coerced to inout
./gate.v, 4303
"rdat"
  Port "rdat" declared as output in module "glreg_a0_43" may need to be inout.
  Coercing to inout.


Lint-[PCTIO-L] Ports coerced to inout
./gate.v, 4232
"rdat"
  Port "rdat" declared as output in module "glreg_a0_42" may need to be inout.
  Coercing to inout.


Lint-[PCTIO-L] Ports coerced to inout
./gate.v, 4158
"rdat"
  Port "rdat" declared as output in module "glreg_a0_41" may need to be inout.
  Coercing to inout.


Lint-[PCTIO-L] Ports coerced to inout
./gate.v, 4088
"rdat"
  Port "rdat" declared as output in module "glreg_a0_40" may need to be inout.
  Coercing to inout.


Lint-[PCTIO-L] Ports coerced to inout
./gate.v, 4013
"rdat"
  Port "rdat" declared as output in module "glreg_a0_39" may need to be inout.
  Coercing to inout.


Lint-[PCTIO-L] Ports coerced to inout
./gate.v, 3949
"rdat"
  Port "rdat" declared as output in module "glreg_a0_38" may need to be inout.
  Coercing to inout.


Lint-[PCTIO-L] Ports coerced to inout
./gate.v, 3884
"rdat"
  Port "rdat" declared as output in module "glreg_a0_37" may need to be inout.
  Coercing to inout.


Lint-[PCTIO-L] Ports coerced to inout
./gate.v, 1643
"busy"
  Port "busy" declared as output in module "shmux_00000005_00000012_00000012" 
  may need to be inout. Coercing to inout.


Lint-[PCTIO-L] Ports coerced to inout
./gate.v, 1514
"rdat"
  Port "rdat" declared as output in module "glreg_WIDTH7_1" may need to be 
  inout. Coercing to inout.


Lint-[PCTIO-L] Ports coerced to inout
./gate.v, 1433
"rdat"
  Port "rdat" declared as output in module "glreg_a0_49" may need to be inout.
  Coercing to inout.


Lint-[PCTIO-L] Ports coerced to inout
./gate.v, 1357
"rdat"
  Port "rdat" declared as output in module "glreg_a0_48" may need to be inout.
  Coercing to inout.


Lint-[PCTIO-L] Ports coerced to inout
./gate.v, 1234
"rdat"
  Port "rdat" declared as output in module "glreg_a0_47" may need to be inout.
  Coercing to inout.


Lint-[PCTIO-L] Ports coerced to inout
./gate.v, 1159
"rdat"
  Port "rdat" declared as output in module "glreg_a0_46" may need to be inout.
  Coercing to inout.


Lint-[PCTIO-L] Ports coerced to inout
./gate.v, 1090
"rdat"
  Port "rdat" declared as output in module "glreg_a0_45" may need to be inout.
  Coercing to inout.


Lint-[PCTI-L] Ports coerced to input
./gate.v, 77855
"r_ctl_vcs_pscal_5_7_0"
  Port "r_ctl_vcs_pscal_5_7_0" declared as inout in module "fcpegn_a0" does 
  not have any load in parent module or is connected to constant, it may need 
  to be input. 
  Coercing to input.


Lint-[PCTI-L] Ports coerced to input
./gate.v, 19183
"prx_rxcode_vcs_pscal_1_4_0"
  Port "prx_rxcode_vcs_pscal_1_4_0" declared as inout in module "phyrx_a0" 
  does not have any load in parent module or is connected to constant, it may 
  need to be input. 
  Coercing to input.


Lint-[PCTI-L] Ports coerced to input
./gate.v, 19183
"prx_rxcode_vcs_pscal_0_4_0"
  Port "prx_rxcode_vcs_pscal_0_4_0" declared as inout in module "phyrx_a0" 
  does not have any load in parent module or is connected to constant, it may 
  need to be input. 
  Coercing to input.


Lint-[PCTI-L] Ports coerced to input
./gate.v, 19183
"prx_setsta_vcs_pscal_0_6_0"
  Port "prx_setsta_vcs_pscal_0_6_0" declared as inout in module "phyrx_a0" 
  does not have any load in parent module or is connected to constant, it may 
  need to be input. 
  Coercing to input.

981 modules and 9 UDPs read.
	However, due to incremental compilation, only 981 modules need to be compiled.
Generating code for _VCSgd_anatop_1127a0_uA9nJd_1
Generating code for _VCSgd_bhv_cc_rcver_Ofscwc_1
Generating code for _VCSgd_bhv_compm_mux_Ur3lo_1
Generating code for _VCSgd_SNPS_CLOCK_WIDTH10_2_pe8Kf_1
Generating code for _VCSgd_glreg_WIDTH10_2_05LpKb_1
Generating code for _VCSgd_dac2sar_a0DW01_inc_0_qAtobe_1
Generating code for _VCSgd_dac2sar_a0DW01_add_2_STjO1d_1
Generating code for _VCSgd_dac2sar_a0DW01_add_1_tuzAee_1
Generating code for _VCSgd_dac2sar_a0DW01_add_0_0cQkae_1
Generating code for _VCSgd_SNPS_CLOCKc2sar_a0_1_k294zd_1
Generating code for _VCSgd_SNPS_CLOCKc2sar_a0_0_x7PkEd_1
Generating code for _VCSgd_SNPS_CLOCK_WIDTH10_0_vu5pp_1
Generating code for _VCSgd_glreg_WIDTH10_0_I5C4Tb_1
Generating code for _VCSgd_SNPS_CLOCK_WIDTH10_1_2kP9k_1
Generating code for _VCSgd_glreg_WIDTH10_1_NK8nQb_1
Generating code for _VCSgd_dac2sar_a0_fjUsye_1
Generating code for _VCSgd_SNPS_CLOCKg_00000012_WZkNee_1
Generating code for _VCSgd_glreg_00000012_SgNl2c_1
Generating code for _VCSgd_SNPS_CLOCKlreg_a0_45_24Itoe_1
Generating code for _VCSgd_glreg_a0_45_UXM89b_1
Generating code for _VCSgd_SNPS_CLOCKlreg_a0_46_PXmbse_1
Generating code for _VCSgd_glreg_a0_46_dFuFVb_1
Generating code for _VCSgd_SNPS_CLOCKlreg_a0_47_YTi0we_1
Generating code for _VCSgd_glreg_a0_47_CdXu0b_1
Generating code for _VCSgd_SNPS_CLOCKg_WIDTH6_2_iVWItb_1
Generating code for _VCSgd_glreg_WIDTH6_2_MVjFg_1
Generating code for _VCSgd_SNPS_CLOCKlreg_a0_48_PU605d_1
Generating code for _VCSgd_glreg_a0_48_bZ1JRb_1
Generating code for _VCSgd_SNPS_CLOCKlreg_a0_49_IauC0d_1
Generating code for _VCSgd_glreg_a0_49_cRVlMb_1
Generating code for _VCSgd_SNPS_CLOCKg_WIDTH7_1_ohxFxb_1
Generating code for _VCSgd_glreg_WIDTH7_1_YoXwk_1
Generating code for _VCSgd_SNPS_CLOCK00000012_1_tf1fjd_1
Generating code for _VCSgd_SNPS_CLOCK00000012_0_MQyWmd_1
Generating code for _VCSgd_SNPS_CLOCK2_00000012_wXaiWc_1
Generating code for _VCSgd_shmux_00002_00000012_DO5a2_1
Generating code for _VCSgd_SNPS_CLOCKlreg_a0_37_GH1Q8d_1
Generating code for _VCSgd_glreg_a0_37_cHcXGb_1
Generating code for _VCSgd_SNPS_CLOCKlreg_a0_38_hCaGhe_1
Generating code for _VCSgd_glreg_a0_38_PeJS7b_1
Generating code for _VCSgd_SNPS_CLOCKlreg_a0_39_Q9M4me_1
Generating code for _VCSgd_glreg_a0_39_MqPgdc_1
Generating code for _VCSgd_SNPS_CLOCKlreg_a0_40_Vpzzze_1
Generating code for _VCSgd_glreg_a0_40_F2zLpc_1
Generating code for _VCSgd_SNPS_CLOCKlreg_a0_41_Cp5fDe_1
Generating code for _VCSgd_glreg_a0_41_eCFstc_1
Generating code for _VCSgd_SNPS_CLOCKlreg_a0_42_ffseJe_1
Generating code for _VCSgd_glreg_a0_42_XMdghc_1
Generating code for _VCSgd_SNPS_CLOCKlreg_a0_43_Yzl3Ne_1
Generating code for _VCSgd_glreg_a0_43_0NE5lc_1
Generating code for _VCSgd_SNPS_CLOCKlreg_a0_44_VJeNke_1
Generating code for _VCSgd_glreg_a0_44_Z6Jr6b_1
Generating code for _VCSgd_SNPS_CLOCKg_WIDTH8_1_35Tolb_1
Generating code for _VCSgd_glreg_WIDTH8_1_B4Rud_1
Generating code for _VCSgd_glsta_a0_1_zIrC7_1
Generating code for _VCSgd_SNPS_CLOCKlreg_a0_30_LRq7Nd_1
Generating code for _VCSgd_glreg_a0_30_rcUQzb_1
Generating code for _VCSgd_SNPS_CLOCKlreg_a0_31_i4UqKd_1
Generating code for _VCSgd_glreg_a0_31_AyO9vb_1
Generating code for _VCSgd_SNPS_CLOCKlreg_a0_32_HuSCWd_1
Generating code for _VCSgd_glreg_a0_32_DZVbqb_1
Generating code for _VCSgd_SNPS_CLOCKlreg_a0_33_W5YNRd_1
Generating code for _VCSgd_glreg_a0_33_4avmlb_1
Generating code for _VCSgd_SNPS_CLOCKlreg_a0_34_LBLT2d_1
Generating code for _VCSgd_glreg_a0_34_7bKaTb_1
Generating code for _VCSgd_SNPS_CLOCKlreg_a0_35_SkhdZd_1
Generating code for _VCSgd_glreg_a0_35_U8GtPb_1
Generating code for _VCSgd_SNPS_CLOCKlreg_a0_36_nQXFde_1
Generating code for _VCSgd_glreg_a0_36_DbFMLb_1
Generating code for _VCSgd_dacmux_a0_DW01_add_3_kVnwXc_1
Generating code for _VCSgd_dacmux_a0_DW01_add_0_1ouoUc_1
Generating code for _VCSgd_glreg_WIDTH2_0_Uiq3m_1
Generating code for _VCSgd_glreg_WIDTH2_1_lRRSr_1
Generating code for _VCSgd_SNPS_CLOCKlreg_a0_26_V3qTr_1
Generating code for _VCSgd_glreg_a0_26_Na3TBc_1
Generating code for _VCSgd_SNPS_CLOCKlreg_a0_27_c2W3m_1
Generating code for _VCSgd_glreg_a0_27_WI84wc_1
Generating code for _VCSgd_SNPS_CLOCKlreg_a0_28_hEC95_1
Generating code for _VCSgd_glreg_a0_28_tBToyd_1
Generating code for _VCSgd_SNPS_CLOCKlreg_a0_29_OiHxbb_1
Generating code for _VCSgd_glreg_a0_29_0PxNDd_1
Generating code for _VCSgd_dacmux_a0_W01_add_11_QU46de_1
Generating code for _VCSgd_dacmux_a0_W01_add_10_XgXI8d_1
Generating code for _VCSgd_dacmux_a0_DW01_add_9_yxt6vd_1
Generating code for _VCSgd_dacmux_a0_DW01_add_8_HkZpsd_1
Generating code for _VCSgd_dacmux_a0_DW01_add_7_0A1JIc_1
Generating code for _VCSgd_dacmux_a0_DW01_add_6_11i0Mc_1
Generating code for _VCSgd_dacmux_a0_DW01_add_5_uvMWxc_1
Generating code for _VCSgd_dacmux_a0_DW01_add_4_l7olDc_1
Generating code for _VCSgd_dacmux_a0_W01_add_19_gQTcMe_1
Generating code for _VCSgd_dacmux_a0_W01_add_18_xFWTPe_1
Generating code for _VCSgd_dacmux_a0_W01_add_17_0usxOd_1
Generating code for _VCSgd_dacmux_a0_W01_add_16_xGJhKd_1
Generating code for _VCSgd_dacmux_a0_W01_add_15_kUV3Wd_1
Generating code for _VCSgd_dacmux_a0_W01_add_14_1MPFRd_1
Generating code for _VCSgd_dacmux_a0_W01_add_13_OmIj3d_1
Generating code for _VCSgd_dacmux_a0_W01_add_12_hi23Yd_1
Generating code for _VCSgd_dacmux_a0_BLjU4b_1
Generating code for _VCSgd_SNPS_CLOCKDEPTH_NBT6_45N9M_1
Generating code for _VCSgd_SNPS_CLOCKbnc_WIDTH3_PSiu6c_1
Generating code for _VCSgd_dbnc_WIDTH3_dwxCW_1
Generating code for _VCSgd_updprl_a0_DW01_inc_0_TZmZx_1
Generating code for _VCSgd_SNPS_CLOCKpdprl_a0_1_s33Zg_1
Generating code for _VCSgd_SNPS_CLOCKpdprl_a0_2_rCWXm_1
Generating code for _VCSgd_SNPS_CLOCKpdprl_a0_3_gApNr_1
Generating code for _VCSgd_SNPS_CLOCKpdprl_a0_4_LBVju_1
Generating code for _VCSgd_SNPS_CLOCKpdprl_a0_0_Vy0id_1
Generating code for _VCSgd_PrlTimer_1DW01_inc_0_MIikde_1
Generating code for _VCSgd_SNPS_CLOCKmer_1112a0_wW9Or_1
Generating code for _VCSgd_PrlTimer_1112a0_5bHNSb_1
Generating code for _VCSgd_updprl_a0_cyewDe_1
Generating code for _VCSgd_SNPS_CLOCKTH_NBT6_33_Y8jJyb_1
Generating code for _VCSgd_SNPS_CLOCKTH_NBT6_34_zlYNFb_1
Generating code for _VCSgd_SNPS_CLOCKPTH_NBT6_0_2Z7Gcd_1
Generating code for _VCSgd_SNPS_CLOCKTH_NBT6_25_esQKAc_1
Generating code for _VCSgd_SNPS_CLOCKTH_NBT6_26_TIEIGc_1
Generating code for _VCSgd_SNPS_CLOCKTH_NBT6_27_k2GpKc_1
Generating code for _VCSgd_SNPS_CLOCKTH_NBT6_28_dsv9td_1
Generating code for _VCSgd_SNPS_CLOCKTH_NBT6_29_M7LTpd_1
Generating code for _VCSgd_SNPS_CLOCKTH_NBT6_30_Nygwmb_1
Generating code for _VCSgd_SNPS_CLOCKTH_NBT6_31_eO9krb_1
Generating code for _VCSgd_SNPS_CLOCKTH_NBT6_32_fcO2ub_1
Generating code for _VCSgd_SNPS_CLOCKTH_NBT6_17_DgfAQe_1
Generating code for _VCSgd_SNPS_CLOCKTH_NBT6_18_c75HOd_1
Generating code for _VCSgd_SNPS_CLOCKTH_NBT6_19_JiFSJd_1
Generating code for _VCSgd_SNPS_CLOCKTH_NBT6_20_fF1vRc_1
Generating code for _VCSgd_SNPS_CLOCKTH_NBT6_21_MdtlWc_1
Generating code for _VCSgd_SNPS_CLOCKTH_NBT6_22_ptz2Zc_1
Generating code for _VCSgd_SNPS_CLOCKTH_NBT6_23_ssDJ3c_1
Generating code for _VCSgd_SNPS_CLOCKTH_NBT6_24_jjmVvc_1
Generating code for _VCSgd_SNPS_CLOCKPTH_NBT6_9_3kOUAc_1
Generating code for _VCSgd_SNPS_CLOCKTH_NBT6_10_ExCgie_1
Generating code for _VCSgd_SNPS_CLOCKTH_NBT6_11_h8kwme_1
Generating code for _VCSgd_SNPS_CLOCKTH_NBT6_12_IgGDpe_1
Generating code for _VCSgd_SNPS_CLOCKTH_NBT6_13_DsM1ue_1
Generating code for _VCSgd_SNPS_CLOCKTH_NBT6_14_sJmyBe_1
Generating code for _VCSgd_SNPS_CLOCKTH_NBT6_15_rJ2NFe_1
Generating code for _VCSgd_SNPS_CLOCKTH_NBT6_16_Qo7bLe_1
Generating code for _VCSgd_SNPS_CLOCKPTH_NBT6_1_TzC08c_1
Generating code for _VCSgd_SNPS_CLOCKPTH_NBT6_2_cMtund_1
Generating code for _VCSgd_SNPS_CLOCKPTH_NBT6_3_5UyFid_1
Generating code for _VCSgd_SNPS_CLOCKPTH_NBT6_4_CY4Htd_1
Generating code for _VCSgd_SNPS_CLOCKPTH_NBT6_5_TTx1pd_1
Generating code for _VCSgd_SNPS_CLOCKPTH_NBT6_6_G1weCd_1
Generating code for _VCSgd_SNPS_CLOCKPTH_NBT6_7_ZLEpxd_1
Generating code for _VCSgd_SNPS_CLOCKPTH_NBT6_8_mU7vvc_1
Generating code for _VCSgd_phyff_DEPTDEPTH_NBT6_rXzJP_1
Generating code for _VCSgd_SNPS_CLOCK_phycrc_a0_uBZt0d_1
Generating code for _VCSgd_phycrc_a0_ixL1S_1
Generating code for _VCSgd_SNPS_CLOCKphytx_a0_1_I2TFqd_1
Generating code for _VCSgd_SNPS_CLOCKphytx_a0_0_v0mvvd_1
Generating code for _VCSgd_phytx_a0_EDeifb_1
Generating code for _VCSgd_phyidd_a0_DW01_inc_0_ktr6Tc_1
Generating code for _VCSgd_phyidd_a0_DW01_sub_1_Nw1Qld_1
Generating code for _VCSgd_phyidd_a0_DW01_sub_0_oLZ9hd_1
Generating code for _VCSgd_SNPS_CLOCKhyidd_a0_1_i1I4ab_1
Generating code for _VCSgd_SNPS_CLOCKhyidd_a0_2_lAadeb_1
Generating code for _VCSgd_SNPS_CLOCKhyidd_a0_0_rm2O6_1
Generating code for _VCSgd_phyidd_a0_MFcnme_1
Generating code for _VCSgd_phyrx_db_Nh09cc_1
Generating code for _VCSgd_SNPS_CLOCKphyrx_a0_1_Z0Muy_1
Generating code for _VCSgd_SNPS_CLOCKphyrx_a0_2_Wp8BB_1
Generating code for _VCSgd_SNPS_CLOCKphyrx_a0_3_7Jg0G_1
Generating code for _VCSgd_SNPS_CLOCKphyrx_a0_4_UH1bd_1
Generating code for _VCSgd_SNPS_CLOCKphyrx_a0_5_9PJrh_1
Generating code for _VCSgd_SNPS_CLOCKphyrx_a0_6_2eOPm_1
Generating code for _VCSgd_SNPS_CLOCKphyrx_a0_0_Cy6eu_1
Generating code for _VCSgd_phyrx_adp_W_div_tc_6_OYUPDd_1
Generating code for _VCSgd_phyrx_adp_DW01_inc_0_Upt6lb_1
Generating code for _VCSgd_SNPS_CLOCKhyrx_adp_1_MxLQwc_1
Generating code for _VCSgd_SNPS_CLOCKhyrx_adp_2_xXWCJc_1
Generating code for _VCSgd_SNPS_CLOCKhyrx_adp_3_KPgnFc_1
Generating code for _VCSgd_SNPS_CLOCKhyrx_adp_0_JgTeCc_1
Generating code for _VCSgd_phyrx_adp_OqoCBb_1
Generating code for _VCSgd_phyrx_a0_hxLMGc_1
Generating code for _VCSgd_updphy_FF_DEPTH_NBT6_dnBRs_1
Generating code for _VCSgd_SNPS_CLOCK2cslv_a0_1_WhD4jc_1
Generating code for _VCSgd_SNPS_CLOCK2cslv_a0_2_bP0cnc_1
Generating code for _VCSgd_SNPS_CLOCK2cslv_a0_3_yOGsrc_1
Generating code for _VCSgd_SNPS_CLOCK2cslv_a0_4_hDIFXb_1
Generating code for _VCSgd_SNPS_CLOCK2cslv_a0_0_DqvGec_1
Generating code for _VCSgd_i2cdbnc_a0_0_iTjHJb_1
Generating code for _VCSgd_i2cdbnc_a0_1_1cFiEb_1
Generating code for _VCSgd_i2cslv_a0_GfaGgd_1
Generating code for _VCSgd_SNPS_CLOCKg_WIDTH8_5_HwsZGb_1
Generating code for _VCSgd_glreg_WIDTH8_5_RiIvu_1
Generating code for _VCSgd_glsta_a0_5_ZPjQS_1
Generating code for _VCSgd_SNPS_CLOCKg_WIDTH8_6_OQcMTb_1
Generating code for _VCSgd_glreg_WIDTH8_6_8jGHG_1
Generating code for _VCSgd_glsta_a0_6_cz9XV_1
Generating code for _VCSgd_SNPS_CLOCKlreg_a0_78_IoUzad_1
Generating code for _VCSgd_glreg_a0_78_KiWu0_1
Generating code for _VCSgd_SNPS_CLOCKlreg_a0_79_FZmT6c_1
Generating code for _VCSgd_glreg_a0_79_vfSNW_1
Generating code for _VCSgd_SNPS_CLOCKlreg_a0_71_h7IkDc_1
Generating code for _VCSgd_glreg_a0_71_xmXLo_1
Generating code for _VCSgd_SNPS_CLOCKlreg_a0_72_IdfIIc_1
Generating code for _VCSgd_glreg_a0_72_8ZLZb_1
Generating code for _VCSgd_SNPS_CLOCKlreg_a0_73_d4vYMc_1
Generating code for _VCSgd_glreg_a0_73_f8ufg_1
Generating code for _VCSgd_SNPS_CLOCKg_WIDTH5_2_Byilrb_1
Generating code for _VCSgd_glreg_WIDTH5_2_vKc3i_1
Generating code for _VCSgd_SNPS_CLOCKlreg_a0_74_G1VWOc_1
Generating code for _VCSgd_glreg_a0_74_WAnWE_1
Generating code for _VCSgd_SNPS_CLOCKlreg_a0_75_JPBlUc_1
Generating code for _VCSgd_glreg_a0_75_fVukK_1
Generating code for _VCSgd_SNPS_CLOCKlreg_a0_76_0kpsXc_1
Generating code for _VCSgd_glreg_a0_76_errhv_1
Generating code for _VCSgd_SNPS_CLOCKlreg_a0_77_PzDI1c_1
Generating code for _VCSgd_glreg_a0_77_J18wz_1
Generating code for _VCSgd_SNPS_CLOCKg_WIDTH8_4_YmKfLb_1
Generating code for _VCSgd_glreg_WIDTH8_4_ITfcy_1
Generating code for _VCSgd_glsta_a0_4_IA3zO_1
Generating code for _VCSgd_SNPS_CLOCKlreg_a0_68_oeZnkc_1
Generating code for _VCSgd_glreg_a0_68_ycJlMe_1
Generating code for _VCSgd_SNPS_CLOCKglreg_7_70_ryvDR_1
Generating code for _VCSgd_glreg_7_70_2um91d_1
Generating code for _VCSgd_glreg_1_1_0_tzyLPe_1
Generating code for _VCSgd_glreg_1_1_1_gm44Le_1
Generating code for _VCSgd_SNPS_CLOCK6_00000018_RPmEzd_1
Generating code for _VCSgd_glreg_6_00000018_I3FSld_1
Generating code for _VCSgd_SNPS_CLOCKlreg_a0_69_xxTGgc_1
Generating code for _VCSgd_glreg_a0_69_9jdFIe_1
Generating code for _VCSgd_SNPS_CLOCKlreg_a0_70_4X4Vxc_1
Generating code for _VCSgd_glreg_a0_70_8KSnj_1
Generating code for _VCSgd_glreg_WIDTH1_3_AkCcf_1
Generating code for _VCSgd_glreg_WIDTH1_4_bNAVD_1
Generating code for _VCSgd_glreg_WIDTH1_5_0mGjJ_1
Generating code for _VCSgd_glreg_WIDTH2_2_6hxod_1
Generating code for _VCSgd_SNPS_CLOCKreg_WIDTH3_QNwsCb_1
Generating code for _VCSgd_glreg_WIDTH3_2JHR2_1
Generating code for _VCSgd_SNPS_CLOCK8_00000011_31bPwc_1
Generating code for _VCSgd_glreg_8_00000011_8YKFTc_1
Generating code for _VCSgd_SNPS_CLOCK8_00000001_ncRCGb_1
Generating code for _VCSgd_glreg_8_00000001_is28sb_1
Generating code for _VCSgd_SNPS_CLOCKlreg_a0_67_JibgBb_1
Generating code for _VCSgd_glreg_a0_67_nIHZKd_1
Generating code for _VCSgd_SNPS_CLOCKreg_WIDTH4_TosZEb_1
Generating code for _VCSgd_glreg_WIDTH4_L0LR0_1
Generating code for _VCSgd_SNPS_CLOCKlreg_a0_64_sS1uob_1
Generating code for _VCSgd_glreg_a0_64_shooQd_1
Generating code for _VCSgd_SNPS_CLOCKg_WIDTH8_3_t0P3ub_1
Generating code for _VCSgd_glreg_WIDTH8_3_VDD8m_1
Generating code for _VCSgd_glsta_a0_3_BoOpib_1
Generating code for _VCSgd_SNPS_CLOCKlreg_a0_65_XE9Stb_1
Generating code for _VCSgd_glreg_a0_65_Pv3MVd_1
Generating code for _VCSgd_SNPS_CLOCKlreg_a0_66_Ilv0wb_1
Generating code for _VCSgd_glreg_a0_66_2WrJGd_1
Generating code for _VCSgd_SNPS_CLOCK8_00000032_l4VNY_1
Generating code for _VCSgd_glreg_8_00000032_A8dRcb_1
Generating code for _VCSgd_SNPS_CLOCK8_00000098_SM9sV_1
Generating code for _VCSgd_glreg_8_00000098_5GZjib_1
Generating code for _VCSgd_SNPS_CLOCK8_000000f0_PBK7je_1
Generating code for _VCSgd_glreg_8_000000f0_WBAYGe_1
Generating code for _VCSgd_SNPS_CLOCKlreg_a0_56_Jm66bb_1
Generating code for _VCSgd_glreg_a0_56_5OcKqd_1
Generating code for _VCSgd_SNPS_CLOCKlreg_a0_57_WAAWgb_1
Generating code for _VCSgd_glreg_a0_57_Uc7yvd_1
Generating code for _VCSgd_SNPS_CLOCKlreg_a0_58_dpjGf_1
Generating code for _VCSgd_glreg_a0_58_vFppMc_1
Generating code for _VCSgd_SNPS_CLOCKlreg_a0_59_aXei_1
Generating code for _VCSgd_glreg_a0_59_WmL0Gc_1
Generating code for _VCSgd_SNPS_CLOCKlreg_a0_60_ESnhDb_1
Generating code for _VCSgd_glreg_a0_60_oBgI9d_1
Generating code for _VCSgd_SNPS_CLOCKlreg_a0_61_N7tFIb_1
Generating code for _VCSgd_glreg_a0_61_leT6ee_1
Generating code for _VCSgd_SNPS_CLOCKlreg_a0_62_Sey3Nb_1
Generating code for _VCSgd_glreg_a0_62_AK9j2d_1
Generating code for _VCSgd_SNPS_CLOCKlreg_a0_63_xUgjSb_1
Generating code for _VCSgd_glreg_a0_63_varA6d_1
Generating code for _VCSgd_dbnc_WIDTH2_2_8GdEBb_1
Generating code for _VCSgd_dbnc_WIDTH2_3_9X7fwb_1
Generating code for _VCSgd_dbnc_WIDTH2_4_4J6UHb_1
Generating code for _VCSgd_SNPS_CLOCK_TIMEOUT30_tTQrtb_1
Generating code for _VCSgd_dbnc_WIDTH_TIMEOUT30_fyJDg_1
Generating code for _VCSgd_SNPS_CLOCKIMEOUT14_0_GLxRlc_1
Generating code for _VCSgd_dbnc_WIDTHIMEOUT14_0_ueDmn_1
Generating code for _VCSgd_SNPS_CLOCKIMEOUT14_1_ZnD2gc_1
Generating code for _VCSgd_dbnc_WIDTHIMEOUT14_1_nZSCr_1
Generating code for _VCSgd_SNPS_CLOCKIMEOUT14_2_QNGftc_1
Generating code for _VCSgd_dbnc_WIDTHIMEOUT14_2_0TnAc_1
Generating code for _VCSgd_SNPS_CLOCK8_00000028_nqivZd_1
Generating code for _VCSgd_glreg_8_00000028_qS5iMd_1
Generating code for _VCSgd_dbnc_WIDTHTIMEOUT2_9_Dr6O4c_1
Generating code for _VCSgd_dbnc_WIDTHIMEOUT2_10_fkglTb_1
Generating code for _VCSgd_dbnc_WIDTHIMEOUT2_11_q104Ob_1
Generating code for _VCSgd_dbnc_WIDTHIMEOUT2_12_5thYLb_1
Generating code for _VCSgd_dbnc_WIDTHIMEOUT2_13_2JCzGb_1
Generating code for _VCSgd_dbnc_WIDTHIMEOUT2_14_NPy1zb_1
Generating code for _VCSgd_dbnc_WIDTH2_0_wmQ8sb_1
Generating code for _VCSgd_dbnc_WIDTH2_1_Pe8Sob_1
Generating code for _VCSgd_SNPS_CLOCKlreg_a0_53_M9pc2_1
Generating code for _VCSgd_glreg_a0_53_Wrrhcd_1
Generating code for _VCSgd_SNPS_CLOCKlreg_a0_54_xjYI4_1
Generating code for _VCSgd_glreg_a0_54_V6rwBd_1
Generating code for _VCSgd_SNPS_CLOCK8_0000001f_DlDype_1
Generating code for _VCSgd_glreg_8_0000001f_mR7KCe_1
Generating code for _VCSgd_SNPS_CLOCK8_00000004_IUYsqb_1
Generating code for _VCSgd_glreg_8_00000004_LztFDb_1
Generating code for _VCSgd_SNPS_CLOCK4_00000004_6neTMb_1
Generating code for _VCSgd_glreg_4_00000004_Jz8ozb_1
Generating code for _VCSgd_SNPS_CLOCKg_WIDTH7_2_xfEHrb_1
Generating code for _VCSgd_glreg_WIDTH7_2_PZS8e_1
Generating code for _VCSgd_SNPS_CLOCKlreg_a0_55_WF0p8_1
Generating code for _VCSgd_glreg_a0_55_w3WcFd_1
Generating code for _VCSgd_SNPS_CLOCKg_WIDTH8_2_qOusAb_1
Generating code for _VCSgd_glreg_WIDTH8_2_aZxXr_1
Generating code for _VCSgd_glsta_a0_2_kZ70cb_1
Generating code for _VCSgd_regbank_a0_rightsh_2_jDtAQb_1
Generating code for _VCSgd_regbank_a0DW01_inc_0_LsOii_1
Generating code for _VCSgd_regbank_a0DW01_add_0_vcqeh_1
Generating code for _VCSgd_SNPS_CLOCKgbank_a0_0_lDXxDd_1
Generating code for _VCSgd_SNPS_CLOCKgbank_a0_1_Gn5Iyd_1
Generating code for _VCSgd_SNPS_CLOCKlreg_a0_50_XU5HN_1
Generating code for _VCSgd_glreg_a0_50_5RUXfd_1
Generating code for _VCSgd_SNPS_CLOCKlreg_a0_51_YO9oR_1
Generating code for _VCSgd_glreg_a0_51_mqsEjd_1
Generating code for _VCSgd_SNPS_CLOCKlreg_a0_52_tEYmX_1
Generating code for _VCSgd_glreg_a0_52_XIys7c_1
Generating code for _VCSgd_regbank_a0_MtSJLe_1
Generating code for _VCSgd_SNPS_CLOCKctlr_a0_23_9QZ6hc_1
Generating code for _VCSgd_SNPS_CLOCKctlr_a0_24_cld16b_1
Generating code for _VCSgd_SNPS_CLOCKctlr_a0_25_9J6Pbc_1
Generating code for _VCSgd_SNPS_CLOCKctlr_a0_26_AC9DZb_1
Generating code for _VCSgd_SNPS_CLOCKctlr_a0_27_RpFk3b_1
Generating code for _VCSgd_SNPS_CLOCKctlr_a0_28_eqiAUb_1
Generating code for _VCSgd_SNPS_CLOCKctlr_a0_29_Lz2jQb_1
Generating code for _VCSgd_SNPS_CLOCKictlr_a0_0_PRVbp_1
Generating code for _VCSgd_SNPS_CLOCKctlr_a0_15_u6nmG_1
Generating code for _VCSgd_SNPS_CLOCKctlr_a0_16_nwzzt_1
Generating code for _VCSgd_SNPS_CLOCKctlr_a0_17_0RdYy_1
Generating code for _VCSgd_SNPS_CLOCKctlr_a0_18_dUsVZ_1
Generating code for _VCSgd_SNPS_CLOCKctlr_a0_19_szy6U_1
Generating code for _VCSgd_SNPS_CLOCKctlr_a0_20_Ufg4nc_1
Generating code for _VCSgd_SNPS_CLOCKctlr_a0_21_xocTsc_1
Generating code for _VCSgd_SNPS_CLOCKctlr_a0_22_cAvqec_1
Generating code for _VCSgd_SNPS_CLOCKictlr_a0_7_0Jxhw_1
Generating code for _VCSgd_SNPS_CLOCKictlr_a0_8_t2CdX_1
Generating code for _VCSgd_SNPS_CLOCKictlr_a0_9_EFgC2_1
Generating code for _VCSgd_SNPS_CLOCKctlr_a0_10_pAZln_1
Generating code for _VCSgd_SNPS_CLOCKctlr_a0_11_KCdCr_1
Generating code for _VCSgd_SNPS_CLOCKctlr_a0_12_naHyc_1
Generating code for _VCSgd_SNPS_CLOCKctlr_a0_13_A2mXh_1
Generating code for _VCSgd_SNPS_CLOCKctlr_a0_14_dk75B_1
Generating code for _VCSgd_ictlr_a0_DW01_inc_2_UuSeMc_1
Generating code for _VCSgd_ictlr_a0_DW01_inc_1_ftk1zc_1
Generating code for _VCSgd_SNPS_CLOCKictlr_a0_1_KYovl_1
Generating code for _VCSgd_SNPS_CLOCKictlr_a0_2_p13xf_1
Generating code for _VCSgd_SNPS_CLOCKictlr_a0_3_eHbJ_1
Generating code for _VCSgd_SNPS_CLOCKictlr_a0_4_jvrtI_1
Generating code for _VCSgd_SNPS_CLOCKictlr_a0_5_Q9VME_1
Generating code for _VCSgd_SNPS_CLOCKictlr_a0_6_5Ms6A_1
Generating code for _VCSgd_ictlr_a0_JWf7Pc_1
Generating code for _VCSgd_SNPS_CLOCKrial0_a0_8_bmgPfd_1
Generating code for _VCSgd_SNPS_CLOCKrial0_a0_9_uVkwjd_1
Generating code for _VCSgd_SNPS_CLOCKial0_a0_10_uoOGTc_1
Generating code for _VCSgd_SNPS_CLOCKrial0_a0_0_h70gMc_1
Generating code for _VCSgd_serial0_a0DW01_inc_0_N77unc_1
Generating code for _VCSgd_SNPS_CLOCKrial0_a0_1_WZVSGc_1
Generating code for _VCSgd_SNPS_CLOCKrial0_a0_2_DpuKDc_1
Generating code for _VCSgd_SNPS_CLOCKrial0_a0_3_oJKuzc_1
Generating code for _VCSgd_SNPS_CLOCKrial0_a0_4_X2Kh3c_1
Generating code for _VCSgd_SNPS_CLOCKrial0_a0_5_MgETXc_1
Generating code for _VCSgd_SNPS_CLOCKrial0_a0_6_ZEtuSc_1
Generating code for _VCSgd_SNPS_CLOCKrial0_a0_7_qAMeOc_1
Generating code for _VCSgd_serial0_a0_0wTI4b_1
Generating code for _VCSgd_SNPS_CLOCKH_ports_a0_OaNEyc_1
Generating code for _VCSgd_ports_a0_IPMSEd_1
Generating code for _VCSgd_SNPS_CLOCKH_mdu_a0_0_7jQeje_1
Generating code for _VCSgd_mdu_a0_DW01_add_1_ooQ2Bc_1
Generating code for _VCSgd_mdu_a0_DW01_add_0_RFKEwc_1
Generating code for _VCSgd_SNPS_CLOCKH_mdu_a0_1_yPi4ne_1
Generating code for _VCSgd_SNPS_CLOCKH_mdu_a0_2_zV50te_1
Generating code for _VCSgd_SNPS_CLOCKH_mdu_a0_3_IX8Hxe_1
Generating code for _VCSgd_SNPS_CLOCKH_mdu_a0_4_RHZhAe_1
Generating code for _VCSgd_SNPS_CLOCKH_mdu_a0_5_qxq7Ee_1
Generating code for _VCSgd_SNPS_CLOCKH_mdu_a0_6_rzlNIe_1
Generating code for _VCSgd_mdu_a0_Vk5EMb_1
Generating code for _VCSgd_wakeupctrl_a0_l4UTXc_1
Generating code for _VCSgd_pmurstctrl_a0_Vhx7ed_1
Generating code for _VCSgd_sfrmux_a0_acnvFc_1
Generating code for _VCSgd_syncneg_a0_5gAycc_1
Generating code for _VCSgd_SNPS_CLOCK_cpu_a0_49_Nt8p8c_1
Generating code for _VCSgd_SNPS_CLOCK_cpu_a0_50_gCtWFb_1
Generating code for _VCSgd_SNPS_CLOCK_cpu_a0_51_JrJcKb_1
Generating code for _VCSgd_SNPS_CLOCK_cpu_a0_52_mUpBPb_1
Generating code for _VCSgd_SNPS_CLOCK_cpu_a0_53_Rc5ZUb_1
Generating code for _VCSgd_SNPS_CLOCK_cpu_a0_54_ObOEmb_1
Generating code for _VCSgd_SNPS_CLOCK1_cpu_a0_0_wsbmIc_1
Generating code for _VCSgd_SNPS_CLOCK_cpu_a0_41_ni7jAc_1
Generating code for _VCSgd_SNPS_CLOCK_cpu_a0_42_2XlJFc_1
Generating code for _VCSgd_SNPS_CLOCK_cpu_a0_43_det7Kc_1
Generating code for _VCSgd_SNPS_CLOCK_cpu_a0_44_Uy7ERc_1
Generating code for _VCSgd_SNPS_CLOCK_cpu_a0_45_9KQUVc_1
Generating code for _VCSgd_SNPS_CLOCK_cpu_a0_46_Ahe3Yc_1
Generating code for _VCSgd_SNPS_CLOCK_cpu_a0_47_7Wir4c_1
Generating code for _VCSgd_SNPS_CLOCK_cpu_a0_48_EuCfdd_1
Generating code for _VCSgd_SNPS_CLOCK_cpu_a0_33_RXvpzd_1
Generating code for _VCSgd_SNPS_CLOCK_cpu_a0_34_SixHad_1
Generating code for _VCSgd_SNPS_CLOCK_cpu_a0_35_F2Nr6c_1
Generating code for _VCSgd_SNPS_CLOCK_cpu_a0_36_cMKtld_1
Generating code for _VCSgd_SNPS_CLOCK_cpu_a0_37_XiG5fd_1
Generating code for _VCSgd_SNPS_CLOCK_cpu_a0_38_YbL6Oc_1
Generating code for _VCSgd_SNPS_CLOCK_cpu_a0_39_7ofWTc_1
Generating code for _VCSgd_SNPS_CLOCK_cpu_a0_40_0Lp4vc_1
Generating code for _VCSgd_SNPS_CLOCK_cpu_a0_25_bftfgc_1
Generating code for _VCSgd_SNPS_CLOCK_cpu_a0_26_45Xhvc_1
Generating code for _VCSgd_SNPS_CLOCK_cpu_a0_27_1klTpc_1
Generating code for _VCSgd_SNPS_CLOCK_cpu_a0_28_oHZEob_1
Generating code for _VCSgd_SNPS_CLOCK_cpu_a0_29_JCVttb_1
Generating code for _VCSgd_SNPS_CLOCK_cpu_a0_30_29eiwd_1
Generating code for _VCSgd_SNPS_CLOCK_cpu_a0_31_brx2rd_1
Generating code for _VCSgd_SNPS_CLOCK_cpu_a0_32_K9CNEd_1
Generating code for _VCSgd_SNPS_CLOCK_cpu_a0_17_2mMul_1
Generating code for _VCSgd_SNPS_CLOCK_cpu_a0_18_JScB4_1
Generating code for _VCSgd_SNPS_CLOCK_cpu_a0_19_y6qR8_1
Generating code for _VCSgd_SNPS_CLOCK_cpu_a0_20_e24d1b_1
Generating code for _VCSgd_SNPS_CLOCK_cpu_a0_21_jpPXWb_1
Generating code for _VCSgd_SNPS_CLOCK_cpu_a0_22_EctJ9b_1
Generating code for _VCSgd_SNPS_CLOCK_cpu_a0_23_VPNk4b_1
Generating code for _VCSgd_SNPS_CLOCK_cpu_a0_24_WwKvkc_1
Generating code for _VCSgd_SNPS_CLOCK1_cpu_a0_9_TOnJgd_1
Generating code for _VCSgd_SNPS_CLOCK_cpu_a0_10_TT46A_1
Generating code for _VCSgd_SNPS_CLOCK_cpu_a0_11_Unaiw_1
Generating code for _VCSgd_SNPS_CLOCK_cpu_a0_12_fM9uI_1
Generating code for _VCSgd_SNPS_CLOCK_cpu_a0_13_KXEOE_1
Generating code for _VCSgd_SNPS_CLOCK_cpu_a0_14_xIlwf_1
Generating code for _VCSgd_SNPS_CLOCK_cpu_a0_15_8QsH_1
Generating code for _VCSgd_SNPS_CLOCK_cpu_a0_16_XMjbp_1
Generating code for _VCSgd_SNPS_CLOCK1_cpu_a0_1_hn5aNc_1
Generating code for _VCSgd_SNPS_CLOCK1_cpu_a0_2_eIiHyc_1
Generating code for _VCSgd_SNPS_CLOCK1_cpu_a0_3_L3OnCc_1
Generating code for _VCSgd_SNPS_CLOCK1_cpu_a0_4_izn8Wc_1
Generating code for _VCSgd_SNPS_CLOCK1_cpu_a0_5_V9iX1c_1
Generating code for _VCSgd_SNPS_CLOCK1_cpu_a0_6_OufKPc_1
Generating code for _VCSgd_SNPS_CLOCK1_cpu_a0_7_HfJqTc_1
Generating code for _VCSgd_SNPS_CLOCK1_cpu_a0_8_SHFZkd_1
Generating code for _VCSgd_mcu51_cpu_DW01_add_0_GNDJr_1
Generating code for _VCSgd_mcu51_cpu_DW01_sub_0_Uq4U3_1
Generating code for _VCSgd_mcu51_cpu_DW01_sub_1_rKcj9_1
Generating code for _VCSgd_mcu51_cpu_DW01_add_7_VC7Jt_1
Generating code for _VCSgd_mcu51_cpu_DW01_add_8_A6sdV_1
Generating code for _VCSgd_mcu51_cpu_DW01_inc_2_OQ38i_1
Generating code for _VCSgd_mcu51_cpu_DW01_inc_1_rKSgm_1
Generating code for _VCSgd_mcu51_cpu_DW01_inc_0_YA8wq_1
Generating code for _VCSgd_mcu51_cpu_a0_thktKc_1
Generating code for _VCSgd_mcu51_a0_DW01_inc_0_hELZ2_1
Generating code for _VCSgd_SNPS_CLOCKrstctrl_a0_NXYEQc_1
Generating code for _VCSgd_softrstctrl_a0_VSFeZd_1
Generating code for _VCSgd_SNPS_CLOCKH_i2c_a0_0_R9Dvpd_1
Generating code for _VCSgd_SNPS_CLOCKH_i2c_a0_1_aDzkud_1
Generating code for _VCSgd_SNPS_CLOCKH_i2c_a0_2_hG91xd_1
Generating code for _VCSgd_SNPS_CLOCKH_i2c_a0_3_qyDIBd_1
Generating code for _VCSgd_SNPS_CLOCKH_i2c_a0_4_nIws8c_1
Generating code for _VCSgd_SNPS_CLOCKH_i2c_a0_5_4vqhdd_1
Generating code for _VCSgd_SNPS_CLOCKH_i2c_a0_6_nbRfjd_1
Generating code for _VCSgd_SNPS_CLOCKH_i2c_a0_7_UDnWmd_1
Generating code for _VCSgd_SNPS_CLOCKH_i2c_a0_8_DoB1Vc_1
Generating code for _VCSgd_i2c_a0_taup7_1
Generating code for _VCSgd_extint_a0_WbHEsb_1
Generating code for _VCSgd_SNPS_CLOCKH_isr_a0_1_LmGIJd_1
Generating code for _VCSgd_SNPS_CLOCKH_isr_a0_2_SEjuWd_1
Generating code for _VCSgd_SNPS_CLOCKH_isr_a0_3_Ju4dSd_1
Generating code for _VCSgd_SNPS_CLOCKH_isr_a0_4_QmBT3d_1
Generating code for _VCSgd_SNPS_CLOCKH_isr_a0_5_L8XuYd_1
Generating code for _VCSgd_SNPS_CLOCKH_isr_a0_0_sgl7Od_1
Generating code for _VCSgd_isr_a0_y2ADDb_1
Generating code for _VCSgd_watchdog_aDW01_inc_1_GYtNKb_1
Generating code for _VCSgd_watchdog_aDW01_inc_0_ffnpFb_1
Generating code for _VCSgd_SNPS_CLOCKchdog_a0_1_VAOZfd_1
Generating code for _VCSgd_SNPS_CLOCKchdog_a0_2_c4Ojcd_1
Generating code for _VCSgd_SNPS_CLOCKchdog_a0_3_r6mu7c_1
Generating code for _VCSgd_SNPS_CLOCKchdog_a0_4_y0afFd_1
Generating code for _VCSgd_SNPS_CLOCKchdog_a0_0_MdTGjd_1
Generating code for _VCSgd_watchdog_a0_Aictd_1
Generating code for _VCSgd_timer1_a0_DW01_inc_1_ZIWlvb_1
Generating code for _VCSgd_timer1_a0_DW01_inc_0_iiqbAb_1
Generating code for _VCSgd_SNPS_CLOCKimer1_a0_1_pTS5cc_1
Generating code for _VCSgd_SNPS_CLOCKimer1_a0_2_mmm2Xb_1
Generating code for _VCSgd_SNPS_CLOCKimer1_a0_0_0fgH7b_1
Generating code for _VCSgd_timer1_a0_RBg4cd_1
Generating code for _VCSgd_timer0_a0_DW01_inc_1_zomxSc_1
Generating code for _VCSgd_timer0_a0_DW01_inc_0_wO7gOc_1
Generating code for _VCSgd_SNPS_CLOCKimer0_a0_1_hxtSic_1
Generating code for _VCSgd_SNPS_CLOCKimer0_a0_2_yO3foc_1
Generating code for _VCSgd_SNPS_CLOCKimer0_a0_0_4bPtdc_1
Generating code for _VCSgd_timer0_a0_IuaKoc_1
Generating code for _VCSgd_mcu51_a0_0LMlge_1
Generating code for _VCSgd_mpb_a0_2twys_1
Generating code for _VCSgd_SNPS_CLOCKGH_core_a0_i1PcM_1
Generating code for _VCSgd_SNPS_CLOCKglpwm_a0_1_Hd3Pvb_1
Generating code for _VCSgd_SNPS_CLOCKglreg_a0_1_7pEE5b_1
Generating code for _VCSgd_glreg_a0_1_IWnt1c_1
Generating code for _VCSgd_glpwm_a0_1_gramCd_1
Generating code for _VCSgd_SNPS_CLOCKglpwm_a0_0_gZk6zb_1
Generating code for _VCSgd_SNPS_CLOCKglreg_a0_0_68K2ac_1
Generating code for _VCSgd_glreg_a0_0_f6kMXc_1
Generating code for _VCSgd_glpwm_a0_0_rzhxxd_1
Generating code for _VCSgd_divclk_a0_DW01_inc_0_ZvUqPc_1
Generating code for _VCSgd_divclk_a0_9P3Hrd_1
Generating code for _VCSgd_srambist_aDW01_inc_0_VUSe2_1
Generating code for _VCSgd_SNPS_CLOCKrambist_a0_auuK8d_1
Generating code for _VCSgd_SNPS_CLOCKglreg_a0_6_W02Olc_1
Generating code for _VCSgd_glreg_a0_6_ZA1fyc_1
Generating code for _VCSgd_SNPS_CLOCKg_WIDTH5_1_gEW2ub_1
Generating code for _VCSgd_glreg_WIDTH5_1_O0V9l_1
Generating code for _VCSgd_glreg_WIDTH1_0_LZQBk_1
Generating code for _VCSgd_srambist_a0_u3zuGb_1
Generating code for _VCSgd_SNPS_CLOCKg_WIDTH6_1_nVLQwb_1
Generating code for _VCSgd_glreg_WIDTH6_1_VlRlk_1
Generating code for _VCSgd_SNPS_CLOCKlreg_a0_15_Vihzdc_1
Generating code for _VCSgd_glreg_a0_15_T8x4Je_1
Generating code for _VCSgd_SNPS_CLOCK6_00000002_zTFHtb_1
Generating code for _VCSgd_glreg_6_00000002_CttbHb_1
Generating code for _VCSgd_glreg_WIDTH1_2_jIVW_1
Generating code for _VCSgd_SNPS_CLOCKlreg_a0_16_o0fCsc_1
Generating code for _VCSgd_glreg_a0_16_ErPXGe_1
Generating code for _VCSgd_SNPS_CLOCKlreg_a0_17_9Qzmoc_1
Generating code for _VCSgd_glreg_a0_17_BKzHCe_1
Generating code for _VCSgd_SNPS_CLOCKlreg_a0_18_yKa4mb_1
Generating code for _VCSgd_glreg_a0_18_etBvTd_1
Generating code for _VCSgd_SNPS_CLOCKlreg_a0_19_bfgLqb_1
Generating code for _VCSgd_glreg_a0_19_Vp7bXd_1
Generating code for _VCSgd_SNPS_CLOCKg_WIDTH7_0_nPYuCb_1
Generating code for _VCSgd_glreg_WIDTH7_0_n02Up_1
Generating code for _VCSgd_dbnc_WIDTHTIMEOUT2_8_YV270c_1
Generating code for _VCSgd_SNPS_CLOCKlreg_a0_10_WW2a4b_1
Generating code for _VCSgd_glreg_a0_10_ybl9ve_1
Generating code for _VCSgd_SNPS_CLOCKlreg_a0_11_lUWMYb_1
Generating code for _VCSgd_glreg_a0_11_DuIKqe_1
Generating code for _VCSgd_SNPS_CLOCKlreg_a0_12_e3czbc_1
Generating code for _VCSgd_glreg_a0_12_6z7mle_1
Generating code for _VCSgd_SNPS_CLOCKlreg_a0_13_ljuj7b_1
Generating code for _VCSgd_glreg_a0_13_tmQ6ge_1
Generating code for _VCSgd_SNPS_CLOCKlreg_a0_14_o1oXic_1
Generating code for _VCSgd_glreg_a0_14_KzdtPe_1
Generating code for _VCSgd_SNPS_CLOCKg_WIDTH6_0_6B06Ab_1
Generating code for _VCSgd_glreg_WIDTH6_0_Gzl2n_1
Generating code for _VCSgd_dbnc_WIDTHTIMEOUT2_4_QroEmd_1
Generating code for _VCSgd_dbnc_WIDTHTIMEOUT2_5_lIighd_1
Generating code for _VCSgd_dbnc_WIDTHTIMEOUT2_6_q508dd_1
Generating code for _VCSgd_dbnc_WIDTHTIMEOUT2_7_dXiT9c_1
Generating code for _VCSgd_SNPS_CLOCKglreg_a0_7_Phjzhc_1
Generating code for _VCSgd_glreg_a0_7_uCs5Cc_1
Generating code for _VCSgd_SNPS_CLOCKglreg_a0_8_2q1oyb_1
Generating code for _VCSgd_glreg_a0_8_lJVSEd_1
Generating code for _VCSgd_SNPS_CLOCKglreg_a0_9_Fl35Bb_1
Generating code for _VCSgd_glreg_a0_9_A4Nuzd_1
Generating code for _VCSgd_glreg_WIDTH1_1_0aZZp_1
Generating code for _VCSgd_regx_a0_DW_rightsh_1_t1uhfe_1
Generating code for _VCSgd_SNPS_CLOCKGH_regx_a0_adJ0O_1
Generating code for _VCSgd_SNPS_CLOCK_dbnc_a0_0_49pqye_1
Generating code for _VCSgd_dbnc_a0_0_iRvjD_1
Generating code for _VCSgd_SNPS_CLOCK_dbnc_a0_1_Huj2se_1
Generating code for _VCSgd_dbnc_a0_1_BDKzH_1
Generating code for _VCSgd_dbnc_WIDTHTIMEOUT2_0_SspHDd_1
Generating code for _VCSgd_dbnc_WIDTHTIMEOUT2_1_J8gjyd_1
Generating code for _VCSgd_dbnc_WIDTHTIMEOUT2_2_KX8Usd_1
Generating code for _VCSgd_dbnc_WIDTHTIMEOUT2_3_pvsFod_1
Generating code for _VCSgd_regx_a0_grHoT_1
Generating code for _VCSgd_SNPS_CLOCKlreg_a0_24_nVe7g_1
Generating code for _VCSgd_glreg_a0_24_X47hJc_1
Generating code for _VCSgd_SNPS_CLOCKlreg_a0_25_Gucqd_1
Generating code for _VCSgd_glreg_a0_25_AkDBFc_1
Generating code for _VCSgd_cvctl_a0_DW01_add_1_Q3odeb_1
Generating code for _VCSgd_cvctl_a0_DW01_add_2_ruB6ab_1
Generating code for _VCSgd_cvctl_a0_DW01_sub_1_Kie3e_1
Generating code for _VCSgd_SNPS_CLOCKH_cvctl_a0_9BWKdd_1
Generating code for _VCSgd_SNPS_CLOCKlreg_a0_20_Xn77x_1
Generating code for _VCSgd_glreg_a0_20_NnFQ4c_1
Generating code for _VCSgd_SNPS_CLOCKlreg_a0_21_Eh3qu_1
Generating code for _VCSgd_glreg_a0_21_KT790c_1
Generating code for _VCSgd_SNPS_CLOCKlreg_a0_22_rQyDG_1
Generating code for _VCSgd_glreg_a0_22_blHbVc_1
Generating code for _VCSgd_SNPS_CLOCKlreg_a0_23_6o7NB_1
Generating code for _VCSgd_glreg_a0_23_EpOmQc_1
Generating code for _VCSgd_cvctl_a0_j113Zc_1
Generating code for _VCSgd_SNPS_CLOCK_fcpcrc_a0_GbdJpe_1
Generating code for _VCSgd_fcpcrc_a0_SDNxI_1
Generating code for _VCSgd_SNPS_CLOCKglreg_a0_2_Mpvg0b_1
Generating code for _VCSgd_glreg_a0_2_hqSgPc_1
Generating code for _VCSgd_SNPS_CLOCKglreg_a0_3_lqO0Vb_1
Generating code for _VCSgd_glreg_a0_3_6Xk6Tc_1
Generating code for _VCSgd_SNPS_CLOCKglreg_a0_4_a1okuc_1
Generating code for _VCSgd_glreg_a0_4_nCa2Ic_1
Generating code for _VCSgd_SNPS_CLOCKg_WIDTH8_0_Ec9Epb_1
Generating code for _VCSgd_glreg_WIDTH8_0_yWmbh_1
Generating code for _VCSgd_glsta_a0_0_a9cm3_1
Generating code for _VCSgd_SNPS_CLOCK8_00000000_gWv1Lb_1
Generating code for _VCSgd_glreg_8_00000000_nZlTob_1
Generating code for _VCSgd_fcpegn_a0_DW01_inc_2_aDJtZb_1
Generating code for _VCSgd_fcpegn_a0_DW01_inc_1_P3IGbc_1
Generating code for _VCSgd_fcpegn_a0_DW01_inc_0_EJPR6b_1
Generating code for _VCSgd_SNPS_CLOCKcpegn_a0_1_elHxoe_1
Generating code for _VCSgd_SNPS_CLOCKcpegn_a0_2_Foaese_1
Generating code for _VCSgd_SNPS_CLOCKcpegn_a0_3_cp42we_1
Generating code for _VCSgd_SNPS_CLOCKcpegn_a0_4_vk8Aze_1
Generating code for _VCSgd_SNPS_CLOCKcpegn_a0_0_fWaRke_1
Generating code for _VCSgd_fcpegn_a0_2xpFHe_1
Generating code for _VCSgd_SNPS_CLOCKg_WIDTH5_0_NvsJyb_1
Generating code for _VCSgd_glreg_WIDTH5_0_hocqq_1
Generating code for _VCSgd_SNPS_CLOCKglreg_a0_5_vOjWoc_1
Generating code for _VCSgd_glreg_a0_5_wcgJMc_1
Generating code for _VCSgd_filter150uDW01_inc_0_jNUSrd_1
Generating code for _VCSgd_SNPS_CLOCK150us_a0_0_iZR1ve_1
Generating code for _VCSgd_filter150us_a0_0_HRxNJe_1
Generating code for _VCSgd_filter150uDW01_inc_0_NrIdtd_1
Generating code for _VCSgd_SNPS_CLOCK150us_a0_1_ZzWcre_1
Generating code for _VCSgd_filter150us_a0_1_8iBuNe_1
Generating code for _VCSgd_ff_sync_0_jiWPnc_1
Generating code for _VCSgd_ff_sync_1_GHQEsc_1
Generating code for _VCSgd_ff_sync_2_Zs6bec_1
Generating code for _VCSgd_dpdmacc_a0_N6sqHb_1
Generating code for _VCSgd_fcp_a0_vsSsHe_1
Generating code for _VCSgd_core_a0_UzOWQ_1
Generating code for _VCSgd_chiptop_1127a0_jCCZWc_1
Generating code for _VCSgd_stm_atpg_Qlfyoc_1
Generating code for _VCSgd_bench_1
Generating code for _VCSgd_AND2X1_1
Generating code for _VCSgd_AND2X12_1
Generating code for _VCSgd_AND2X2_1
Generating code for _VCSgd_AND2X4_1
Generating code for _VCSgd_AND2X6_1
Generating code for _VCSgd_AND2XL_1
Generating code for _VCSgd_AND3X1_1
Generating code for _VCSgd_AND3X2_1
Generating code for _VCSgd_AND3X4_1
Generating code for _VCSgd_AND3XL_1
Generating code for _VCSgd_AND4X1_1
Generating code for _VCSgd_AND4X2_1
Generating code for _VCSgd_AND4XL_1
Generating code for _VCSgd_ANT_1
Generating code for _VCSgd_AO21X1_1
Generating code for _VCSgd_AO21X4_1
Generating code for _VCSgd_AO21XL_1
Generating code for _VCSgd_AO2222X1_1
Generating code for _VCSgd_AO2222X4_1
Generating code for _VCSgd_AO2222XL_1
Generating code for _VCSgd_AO222X1_1
Generating code for _VCSgd_AO222X4_1
Generating code for _VCSgd_AO222XL_1
Generating code for _VCSgd_AO22AX1_1
Generating code for _VCSgd_AO22AX4_1
Generating code for _VCSgd_AO22AXL_1
Generating code for _VCSgd_AO22BX1_1
Generating code for _VCSgd_AO22X1_1
Generating code for _VCSgd_AO22X4_1
Generating code for _VCSgd_AO22XL_1
Generating code for _VCSgd_AO33X1_1
Generating code for _VCSgd_AO33X4_1
Generating code for _VCSgd_AO44X4_1
Generating code for _VCSgd_AOI211X1_1
Generating code for _VCSgd_AOI211X4_1
Generating code for _VCSgd_AOI211XL_1
Generating code for _VCSgd_AOI21AX1_1
Generating code for _VCSgd_AOI21AXL_1
Generating code for _VCSgd_AOI21BBX1_1
Generating code for _VCSgd_AOI21BBXL_1
Generating code for _VCSgd_AOI21BX1_1
Generating code for _VCSgd_AOI21BX4_1
Generating code for _VCSgd_AOI21BXL_1
Generating code for _VCSgd_AOI21X1_1
Generating code for _VCSgd_AOI21X4_1
Generating code for _VCSgd_AOI21XL_1
Generating code for _VCSgd_AOI221X1_1
Generating code for _VCSgd_AOI221X4_1
Generating code for _VCSgd_AOI221XL_1
Generating code for _VCSgd_AOI222X1_1
Generating code for _VCSgd_AOI222X4_1
Generating code for _VCSgd_AOI222XL_1
Generating code for _VCSgd_AOI22AX1_1
Generating code for _VCSgd_AOI22AX4_1
Generating code for _VCSgd_AOI22AXL_1
Generating code for _VCSgd_AOI22BX1_1
Generating code for _VCSgd_AOI22BX4_1
Generating code for _VCSgd_AOI22BXL_1
Generating code for _VCSgd_AOI22CX1_1
Generating code for _VCSgd_AOI22X1_1
Generating code for _VCSgd_AOI22X4_1
Generating code for _VCSgd_AOI22XL_1
Generating code for _VCSgd_AOI31X1_1
Generating code for _VCSgd_AOI31XL_1
Generating code for _VCSgd_AOI32X1_1
Generating code for _VCSgd_AOI32XL_1
Generating code for _VCSgd_AOI33X1_1
Generating code for _VCSgd_AOI33XL_1
Generating code for _VCSgd_BUFX1_1
Generating code for _VCSgd_BUFX12_1
Generating code for _VCSgd_BUFX16_1
Generating code for _VCSgd_BUFX2_1
Generating code for _VCSgd_BUFX20_1
Generating code for _VCSgd_BUFX24_1
Generating code for _VCSgd_BUFX3_1
Generating code for _VCSgd_BUFX30_1
Generating code for _VCSgd_BUFX36_1
Generating code for _VCSgd_BUFX4_1
Generating code for _VCSgd_BUFX6_1
Generating code for _VCSgd_BUFX8_1
Generating code for _VCSgd_BUFXL_1
Generating code for _VCSgd_CKAND2X1_1
Generating code for _VCSgd_CKAND2XL_1
Generating code for _VCSgd_CKAND3X2_1
Generating code for _VCSgd_CKAND3X4_1
Generating code for _VCSgd_CKBUFX1_1
Generating code for _VCSgd_CKBUFX12_1
Generating code for _VCSgd_CKBUFX2_1
Generating code for _VCSgd_CKBUFX20_1
Generating code for _VCSgd_CKBUFX24_1
Generating code for _VCSgd_CKBUFX3_1
Generating code for _VCSgd_CKBUFX36_1
Generating code for _VCSgd_CKBUFX4_1
Generating code for _VCSgd_CKBUFX6_1
Generating code for _VCSgd_CKBUFX8_1
Generating code for _VCSgd_CKBUFXL_1
Generating code for _VCSgd_CKINVX1_1
Generating code for _VCSgd_CKINVX16_1
Generating code for _VCSgd_CKINVX2_1
Generating code for _VCSgd_CKINVX3_1
Generating code for _VCSgd_CKINVX36_1
Generating code for _VCSgd_CKINVX4_1
Generating code for _VCSgd_CKINVX6_1
Generating code for _VCSgd_CKINVX8_1
Generating code for _VCSgd_CKINVXL_1
Generating code for _VCSgd_CKMUX2X1_1
Generating code for _VCSgd_CKMUX2X2_1
Generating code for _VCSgd_CKMUX2X4_1
Generating code for _VCSgd_CKMUX2XL_1
Generating code for _VCSgd_CKNAND2X1_1
Generating code for _VCSgd_CKNAND2X2_1
Generating code for _VCSgd_CKNAND2X4_1
Generating code for _VCSgd_CKNAND2X6_1
Generating code for _VCSgd_CKNAND2XL_1
Generating code for _VCSgd_CKNAND3X1_1
Generating code for _VCSgd_CKNAND3X2_1
Generating code for _VCSgd_CKNAND3X4_1
Generating code for _VCSgd_CKNAND3X8_1
Generating code for _VCSgd_CKNAND3XL_1
Generating code for _VCSgd_CKNOR2X1_1
Generating code for _VCSgd_CKNOR2X12_1
Generating code for _VCSgd_CKNOR2X2_1
Generating code for _VCSgd_CKNOR2XL_1
Generating code for _VCSgd_CKNOR3X1_1
Generating code for _VCSgd_CKNOR3X2_1
Generating code for _VCSgd_CKNOR3XL_1
Generating code for _VCSgd_CKOR2X1_1
Generating code for _VCSgd_CKOR2X2_1
Generating code for _VCSgd_CKOR2X4_1
Generating code for _VCSgd_CKOR2XL_1
Generating code for _VCSgd_CKOR3X1_1
Generating code for _VCSgd_CKOR3X2_1
Generating code for _VCSgd_CKOR3X4_1
Generating code for _VCSgd_CLKDLNXL_1
Generating code for _VCSgd_CLKDLX1_1
Generating code for _VCSgd_CLKDLX2_1
Generating code for _VCSgd_CLKDLX4_1
Generating code for _VCSgd_CLKDLXL_1
Generating code for _VCSgd_DLNQX1_1
Generating code for _VCSgd_ENOX1_1
Generating code for _VCSgd_ENOXL_1
Generating code for _VCSgd_EORX1_1
Generating code for _VCSgd_EORXL_1
Generating code for _VCSgd_FAD1X1_1
Generating code for _VCSgd_GEN2X1_1
Generating code for _VCSgd_GEN2XL_1
Generating code for _VCSgd_GEN3XL_1
Generating code for _VCSgd_HAD1X1_1
Generating code for _VCSgd_HAD1XL_1
Generating code for _VCSgd_INVX1_1
Generating code for _VCSgd_INVX12_1
Generating code for _VCSgd_INVX16_1
Generating code for _VCSgd_INVX2_1
Generating code for _VCSgd_INVX20_1
Generating code for _VCSgd_INVX24_1
Generating code for _VCSgd_INVX3_1
Generating code for _VCSgd_INVX30_1
Generating code for _VCSgd_INVX4_1
Generating code for _VCSgd_INVX6_1
Generating code for _VCSgd_INVX8_1
Generating code for _VCSgd_INVXL_1
Generating code for _VCSgd_MAJ3X1_1
Generating code for _VCSgd_MUX2AX1_1
Generating code for _VCSgd_MUX2AX2_1
Generating code for _VCSgd_MUX2AX4_1
Generating code for _VCSgd_MUX2AXL_1
Generating code for _VCSgd_MUX2BX1_1
Generating code for _VCSgd_MUX2BX2_1
Generating code for _VCSgd_MUX2BX4_1
Generating code for _VCSgd_MUX2BXL_1
Generating code for _VCSgd_MUX2IX1_1
Generating code for _VCSgd_MUX2IX2_1
Generating code for _VCSgd_MUX2IX4_1
Generating code for _VCSgd_MUX2IXL_1
Generating code for _VCSgd_MUX2X1_1
Generating code for _VCSgd_MUX2X2_1
Generating code for _VCSgd_MUX2X4_1
Generating code for _VCSgd_MUX2XL_1
Generating code for _VCSgd_MUX3IX1_1
Generating code for _VCSgd_MUX3XL_1
Generating code for _VCSgd_MUX4X1_1
Generating code for _VCSgd_NAND21X1_1
Generating code for _VCSgd_NAND21X2_1
Generating code for _VCSgd_NAND21X4_1
Generating code for _VCSgd_NAND21XL_1
Generating code for _VCSgd_NAND2X1_1
Generating code for _VCSgd_NAND2X2_1
Generating code for _VCSgd_NAND2X4_1
Generating code for _VCSgd_NAND2X6_1
Generating code for _VCSgd_NAND2XL_1
Generating code for _VCSgd_NAND31X1_1
Generating code for _VCSgd_NAND31X2_1
Generating code for _VCSgd_NAND31X4_1
Generating code for _VCSgd_NAND31XL_1
Generating code for _VCSgd_NAND32X1_1
Generating code for _VCSgd_NAND32X2_1
Generating code for _VCSgd_NAND32X4_1
Generating code for _VCSgd_NAND32XL_1
Generating code for _VCSgd_NAND3X1_1
Generating code for _VCSgd_NAND3X2_1
Generating code for _VCSgd_NAND3X4_1
Generating code for _VCSgd_NAND3XL_1
Generating code for _VCSgd_NAND41X1_1
Generating code for _VCSgd_NAND41XL_1
Generating code for _VCSgd_NAND42X1_1
Generating code for _VCSgd_NAND42X4_1
Generating code for _VCSgd_NAND42XL_1
Generating code for _VCSgd_NAND43X1_1
Generating code for _VCSgd_NAND43X2_1
Generating code for _VCSgd_NAND43X4_1
Generating code for _VCSgd_NAND43XL_1
Generating code for _VCSgd_NAND4X1_1
Generating code for _VCSgd_NAND4X12_1
Generating code for _VCSgd_NAND4X2_1
Generating code for _VCSgd_NAND4X8_1
Generating code for _VCSgd_NAND4XL_1
Generating code for _VCSgd_NAND5X1_1
Generating code for _VCSgd_NAND5X2_1
Generating code for _VCSgd_NAND5X4_1
Generating code for _VCSgd_NAND5XL_1
Generating code for _VCSgd_NAND6X1_1
Generating code for _VCSgd_NAND6X2_1
Generating code for _VCSgd_NAND6X4_1
Generating code for _VCSgd_NAND6XL_1
Generating code for _VCSgd_NAND8X4_1
Generating code for _VCSgd_NOR21X1_1
Generating code for _VCSgd_NOR21X2_1
Generating code for _VCSgd_NOR21X4_1
Generating code for _VCSgd_NOR21XL_1
Generating code for _VCSgd_NOR2X1_1
Generating code for _VCSgd_NOR2X12_1
Generating code for _VCSgd_NOR2X2_1
Generating code for _VCSgd_NOR2X4_1
Generating code for _VCSgd_NOR2X6_1
Generating code for _VCSgd_NOR2X8_1
Generating code for _VCSgd_NOR2XL_1
Generating code for _VCSgd_NOR31X1_1
Generating code for _VCSgd_NOR31XL_1
Generating code for _VCSgd_NOR32X1_1
Generating code for _VCSgd_NOR32X2_1
Generating code for _VCSgd_NOR32X4_1
Generating code for _VCSgd_NOR32XL_1
Generating code for _VCSgd_NOR3X1_1
Generating code for _VCSgd_NOR3X2_1
Generating code for _VCSgd_NOR3X4_1
Generating code for _VCSgd_NOR3X8_1
Generating code for _VCSgd_NOR3XL_1
Generating code for _VCSgd_NOR41X1_1
Generating code for _VCSgd_NOR41X4_1
Generating code for _VCSgd_NOR41XL_1
Generating code for _VCSgd_NOR42X2_1
Generating code for _VCSgd_NOR42XL_1
Generating code for _VCSgd_NOR43X1_1
Generating code for _VCSgd_NOR43X2_1
Generating code for _VCSgd_NOR43X4_1
Generating code for _VCSgd_NOR43XL_1
Generating code for _VCSgd_NOR4X1_1
Generating code for _VCSgd_NOR4X4_1
Generating code for _VCSgd_NOR4XL_1
Generating code for _VCSgd_NOR5X1_1
Generating code for _VCSgd_NOR5XL_1
Generating code for _VCSgd_NOR6X2_1
Generating code for _VCSgd_NOR6X4_1
Generating code for _VCSgd_NOR6XL_1
Generating code for _VCSgd_NOR8X2_1
Generating code for _VCSgd_NOR8XL_1
Generating code for _VCSgd_OA21X1_1
Generating code for _VCSgd_OA21X4_1
Generating code for _VCSgd_OA21XL_1
Generating code for _VCSgd_OA2222X1_1
Generating code for _VCSgd_OA2222X4_1
Generating code for _VCSgd_OA2222XL_1
Generating code for _VCSgd_OA222X1_1
Generating code for _VCSgd_OA222X4_1
Generating code for _VCSgd_OA222XL_1
Generating code for _VCSgd_OA22X1_1
Generating code for _VCSgd_OA22XL_1
Generating code for _VCSgd_OA33X1_1
Generating code for _VCSgd_OA33X4_1
Generating code for _VCSgd_OA33XL_1
Generating code for _VCSgd_OAI211X1_1
Generating code for _VCSgd_OAI211X4_1
Generating code for _VCSgd_OAI211XL_1
Generating code for _VCSgd_OAI21AX1_1
Generating code for _VCSgd_OAI21BBX1_1
Generating code for _VCSgd_OAI21BBX4_1
Generating code for _VCSgd_OAI21BBXL_1
Generating code for _VCSgd_OAI21BX1_1
Generating code for _VCSgd_OAI21BX4_1
Generating code for _VCSgd_OAI21X1_1
Generating code for _VCSgd_OAI21X4_1
Generating code for _VCSgd_OAI21XL_1
Generating code for _VCSgd_OAI221X1_1
Generating code for _VCSgd_OAI221X4_1
Generating code for _VCSgd_OAI221XL_1
Generating code for _VCSgd_OAI222X1_1
Generating code for _VCSgd_OAI222X4_1
Generating code for _VCSgd_OAI222XL_1
Generating code for _VCSgd_OAI22AX1_1
Generating code for _VCSgd_OAI22AXL_1
Generating code for _VCSgd_OAI22BX1_1
Generating code for _VCSgd_OAI22CX1_1
Generating code for _VCSgd_OAI22CX4_1
Generating code for _VCSgd_OAI22CXL_1
Generating code for _VCSgd_OAI22X1_1
Generating code for _VCSgd_OAI22X4_1
Generating code for _VCSgd_OAI22XL_1
Generating code for _VCSgd_OAI2B11X1_1
Generating code for _VCSgd_OAI2B11X4_1
Generating code for _VCSgd_OAI2B11XL_1
Generating code for _VCSgd_OAI31X1_1
Generating code for _VCSgd_OAI31XL_1
Generating code for _VCSgd_OAI32X1_1
Generating code for _VCSgd_OAI32X4_1
Generating code for _VCSgd_OAI32XL_1
Generating code for _VCSgd_OAI33XL_1
Generating code for _VCSgd_OR2X1_1
Generating code for _VCSgd_OR2X2_1
Generating code for _VCSgd_OR2XL_1
Generating code for _VCSgd_OR3X2_1
Generating code for _VCSgd_OR3X4_1
Generating code for _VCSgd_OR3XL_1
Generating code for _VCSgd_OR4X1_1
Generating code for _VCSgd_OR4X4_1
Generating code for _VCSgd_OR4XL_1
Generating code for _VCSgd_SDFFNQX1_1
Generating code for _VCSgd_SDFFNQX4_1
Generating code for _VCSgd_SDFFNQXL_1
Generating code for _VCSgd_SDFFNQXX4_1
Generating code for _VCSgd_SDFFNRQX1_1
Generating code for _VCSgd_SDFFQX1_1
Generating code for _VCSgd_SDFFQX2_1
Generating code for _VCSgd_SDFFQX4_1
Generating code for _VCSgd_SDFFQXL_1
Generating code for _VCSgd_SDFFQXX4_1
Generating code for _VCSgd_SDFFRQX1_1
Generating code for _VCSgd_SDFFRQX2_1
Generating code for _VCSgd_SDFFRQX4_1
Generating code for _VCSgd_SDFFRQXL_1
Generating code for _VCSgd_SDFFRQXX2_1
Generating code for _VCSgd_SDFFSQX1_1
Generating code for _VCSgd_SDFFSQX2_1
Generating code for _VCSgd_SDFFSQX4_1
Generating code for _VCSgd_SDFFSQXX1_1
Generating code for _VCSgd_XNOR2X1_1
Generating code for _VCSgd_XNOR2X2_1
Generating code for _VCSgd_XNOR2XL_1
Generating code for _VCSgd_XNOR3X1_1
Generating code for _VCSgd_XNOR3XL_1
Generating code for _VCSgd_XOR2X1_1
Generating code for _VCSgd_XOR2X2_1
Generating code for _VCSgd_XOR2XL_1
Generating code for _VCSgd_XOR3X1_1
Generating code for _VCSgd_XOR3X2_1
Generating code for _VCSgd_XOR3X4_1
Generating code for _VCSgd_XOR3XL_1
Generating code for _VCSgd_IODMURUDA_A0_E4xmPd_1
Generating code for _VCSgd_IOBMURUDA_A0_JTweNd_1
Generating code for _VCSgd_IOBMURUDA_A1_My2xJd_1
Generating code for _VCSgd_ATO0008KX8X180LBX4DA_UMrTOd_1
Generating code for _VCSgd_MSL18B_1536_20221107_kiuK3d_1
Generating code for _VCSgd_IOBPURUDA_A0_func_ndEju_1
Generating code for _VCSgd_IOBPURUDA_A1_func_ZKRbm_1
ld -r -o pre_vcsobj_1_1.o --whole-archive pre_vcsobj_1_1.a --no-whole-archive
../simv up to date
Command: ./simv +v2k +acc +no_notifier +vcs+lic+wait +tetramax -q +nowarnTFIPC +define+tmax_msg=1+tmax_rpt=10 +define+CAN1127A0+EMPTY -a atpg_serial_99+3_ver.log +define+GATE+MIN+VEC_VER=atpg_serial_99+3.vec+VCD
Doing SDF annotation ...... Done
                   0ns <stm_atpg.vector_verify> vector_number:0,vec_str:@@PATTERN DEFINE

                   0ns <stm_atpg.vector_verify> vector_number:0,vec_str://	TST

                   0ns <stm_atpg.vector_verify> vector_number:0,vec_str://	SCL

                   0ns <stm_atpg.vector_verify> vector_number:0,vec_str://	SDA

                   0ns <stm_atpg.vector_verify> vector_number:0,vec_str://	GPIO1

                   0ns <stm_atpg.vector_verify> vector_number:0,vec_str://	GPIO3: PP 30 40 after POR

                   0ns <stm_atpg.vector_verify> vector_number:0,vec_str://	GPIO4

                   0ns <stm_atpg.vector_verify> vector_number:0,vec_str://	GPIO5

                   0ns <stm_atpg.vector_verify> vector_number:0,vec_str:	10000XX;

                   0ns <bench> vector: 0, mismatch: 0
                   2ns <bench.U0_DUT.U0_ANALOG_TOP> cable orientation -> 0
                   2ns <bench.U0_DUT.U0_ANALOG_TOP> VO (VBUS) discharge -> 0
                  50ns <stm_atpg.vector_verify> vector_number:1,vec_str:	10000XX;

                 100ns <stm_atpg.vector_verify> vector_number:2,vec_str:	10000XX;

                 150ns <stm_atpg.vector_verify> vector_number:3,vec_str:P0099:	11011XX;

                 200ns <stm_atpg.vector_verify> vector_number:4,vec_str:	11011XX;

                 250ns <stm_atpg.vector_verify> vector_number:5,vec_str:	10011XX;

               50000ns <bench> vector: 1000, mismatch: 0
              100000ns <bench> vector: 2000, mismatch: 0
              150000ns <bench> vector: 3000, mismatch: 0
              200000ns <bench> vector: 4000, mismatch: 0
              250000ns <bench> vector: 5000, mismatch: 0
              300000ns <bench> vector: 6000, mismatch: 0
              326050ns <stm_atpg.vector_verify> NOTE: simulation completed at vector: 6521
$finish called from file "../stm/stm_atpg.v", line 157.
$finish at simulation time            326050000
